#
# There is insufficient memory for the Java Runtime Environment to continue.
# Native memory allocation (malloc) failed to allocate 1048576 bytes. Error detail: AllocateHeap
# Possible reasons:
#   The system is out of physical RAM or swap space
#   This process is running with CompressedOops enabled, and the Java Heap may be blocking the growth of the native heap
# Possible solutions:
#   Reduce memory load on the system
#   Increase physical memory or swap space
#   Check if swap backing store is full
#   Decrease Java heap size (-Xmx/-Xms)
#   Decrease number of Java threads
#   Decrease Java thread stack sizes (-Xss)
#   Set larger code cache with -XX:ReservedCodeCacheSize=
#   JVM is running with Unscaled Compressed Oops mode in which the Java heap is
#     placed in the first 4GB address space. The Java Heap base address is the
#     maximum limit for the native heap growth. Please use -XX:HeapBaseMinAddress
#     to set the Java Heap base and to place the Java Heap above 4GB virtual address.
# This output file may be truncated or incomplete.
#
#  Out of Memory Error (allocation.cpp:44), pid=19464, tid=38660
#
# JRE version: OpenJDK Runtime Environment Temurin-17.0.12+7 (17.0.12+7) (build 17.0.12+7)
# Java VM: OpenJDK 64-Bit Server VM Temurin-17.0.12+7 (17.0.12+7, mixed mode, emulated-client, tiered, compressed oops, compressed class ptrs, g1 gc, windows-amd64)
# No core dump will be written. Minidumps are not enabled by default on client versions of Windows
#

---------------  S U M M A R Y ------------

Command Line: -Xmx1024m -Dsts.lsp.client=vscode -Dsts.log.file=/dev/null -XX:TieredStopAtLevel=1 -Xlog:jni+resolve=off -Dspring.config.location=file:c:\Users\Soulaimane\.vscode\extensions\vmware.vscode-spring-boot-1.56.0\language-server\BOOT-INF\classes\application.properties org.springframework.ide.vscode.boot.app.BootLanguageServerBootApp

Host: 11th Gen Intel(R) Core(TM) i5-1135G7 @ 2.40GHz, 8 cores, 7G,  Windows 11 , 64 bit Build 22621 (10.0.22621.3958)
Time: Sun Sep  8 18:35:05 2024 Maroc (heure d64 bit Build 22621 (10.0.22621.3958) elapsed time: 10819.265941 seconds (0d 3h 0m 19s)

---------------  T H R E A D  ---------------

Current thread (0x0000026e656fa160):  VMThread "VM Thread" [stack: 0x000000b5faf00000,0x000000b5fb000000] [id=38660]

Stack: [0x000000b5faf00000,0x000000b5fb000000]
Native frames: (J=compiled Java code, j=interpreted, Vv=VM code, C=native code)
V  [jvm.dll+0x67f929]
V  [jvm.dll+0x8371ba]
V  [jvm.dll+0x838c7e]
V  [jvm.dll+0x8392e3]
V  [jvm.dll+0x24834f]
V  [jvm.dll+0xa70d3]
V  [jvm.dll+0x2f9073]
V  [jvm.dll+0x2f4d00]
V  [jvm.dll+0x2dd82f]
V  [jvm.dll+0x3201f7]
V  [jvm.dll+0x83d7dd]
V  [jvm.dll+0x83e522]
V  [jvm.dll+0x83ea4f]
V  [jvm.dll+0x83ee34]
V  [jvm.dll+0x83ef00]
V  [jvm.dll+0x7e65dc]
V  [jvm.dll+0x67e7f7]
C  [ucrtbase.dll+0x29333]
C  [KERNEL32.DLL+0x1257d]
C  [ntdll.dll+0x5af28]

VM_Operation (0x000000b5fc3feda0): G1CollectFull, mode: safepoint, requested by thread 0x0000026e6b27a450


---------------  P R O C E S S  ---------------

Threads class SMR info:
_java_thread_list=0x0000026e6b5e5570, length=36, elements={
0x0000026e65713390, 0x0000026e65713e60, 0x0000026e6589a130, 0x0000026e6589ca10,
0x0000026e6589d2e0, 0x0000026e6589e750, 0x0000026e6573db00, 0x0000026e6573ea20,
0x0000026e65aa9790, 0x0000026e65ab7410, 0x0000026e6b3c6450, 0x0000026e6b27a450,
0x0000026e6b4f1040, 0x0000026e5a927950, 0x0000026e6a61d240, 0x0000026e6aff6690,
0x0000026e6aff70b0, 0x0000026e6aff7fe0, 0x0000026e6aff75c0, 0x0000026e6b5f3a20,
0x0000026e6b5fb3a0, 0x0000026e6b5f8100, 0x0000026e6b5f62a0, 0x0000026e6b5fa470,
0x0000026e6b5f5d90, 0x0000026e6b5f4e60, 0x0000026e6b5f6cc0, 0x0000026e6b5f5370,
0x0000026e6b5f9540, 0x0000026e6b5fae90, 0x0000026e6aff7ad0, 0x0000026e6aff6ba0,
0x0000026e6a1886a0, 0x0000026e6a1895d0, 0x0000026e6a18fb10, 0x0000026e6a18e1c0
}

Java Threads: ( => current thread )
  0x0000026e65713390 JavaThread "Reference Handler" daemon [_thread_blocked, id=14448, stack(0x000000b5fb000000,0x000000b5fb100000)]
  0x0000026e65713e60 JavaThread "Finalizer" daemon [_thread_blocked, id=30784, stack(0x000000b5fb100000,0x000000b5fb200000)]
  0x0000026e6589a130 JavaThread "Signal Dispatcher" daemon [_thread_blocked, id=12280, stack(0x000000b5fb200000,0x000000b5fb300000)]
  0x0000026e6589ca10 JavaThread "Attach Listener" daemon [_thread_blocked, id=14956, stack(0x000000b5fb300000,0x000000b5fb400000)]
  0x0000026e6589d2e0 JavaThread "Service Thread" daemon [_thread_blocked, id=22044, stack(0x000000b5fb400000,0x000000b5fb500000)]
  0x0000026e6589e750 JavaThread "Monitor Deflation Thread" daemon [_thread_blocked, id=16764, stack(0x000000b5fb500000,0x000000b5fb600000)]
  0x0000026e6573db00 JavaThread "C1 CompilerThread0" daemon [_thread_blocked, id=17836, stack(0x000000b5fb600000,0x000000b5fb700000)]
  0x0000026e6573ea20 JavaThread "Sweeper thread" daemon [_thread_blocked, id=38192, stack(0x000000b5fb700000,0x000000b5fb800000)]
  0x0000026e65aa9790 JavaThread "Notification Thread" daemon [_thread_blocked, id=15096, stack(0x000000b5fb800000,0x000000b5fb900000)]
  0x0000026e65ab7410 JavaThread "Common-Cleaner" daemon [_thread_blocked, id=10368, stack(0x000000b5fba00000,0x000000b5fbb00000)]
  0x0000026e6b3c6450 JavaThread "boundedElastic-evictor-1" daemon [_thread_blocked, id=16472, stack(0x000000b5fc200000,0x000000b5fc300000)]
  0x0000026e6b27a450 JavaThread "pool-13-thread-1" [_thread_blocked, id=23520, stack(0x000000b5fc300000,0x000000b5fc400000)]
  0x0000026e6b4f1040 JavaThread "LanguageServerApp-lifecycle" [_thread_blocked, id=7184, stack(0x000000b5fc700000,0x000000b5fc800000)]
  0x0000026e5a927950 JavaThread "DestroyJavaVM" [_thread_blocked, id=5788, stack(0x000000b5fa900000,0x000000b5faa00000)]
  0x0000026e6a61d240 JavaThread "pool-14-thread-1" [_thread_in_native, id=28916, stack(0x000000b5fc800000,0x000000b5fc900000)]
  0x0000026e6aff6690 JavaThread "Simple-Language-Server main thread" daemon [_thread_blocked, id=30100, stack(0x000000b5fc900000,0x000000b5fca00000)]
  0x0000026e6aff70b0 JavaThread "pool-8-thread-1" [_thread_blocked, id=35936, stack(0x000000b5fcc00000,0x000000b5fcd00000)]
  0x0000026e6aff7fe0 JavaThread "parallel-1" daemon [_thread_blocked, id=38612, stack(0x000000b5fcd00000,0x000000b5fce00000)]
  0x0000026e6aff75c0 JavaThread "pool-6-thread-1" [_thread_blocked, id=20976, stack(0x000000b5fce00000,0x000000b5fcf00000)]
  0x0000026e6b5f3a20 JavaThread "parallel-2" daemon [_thread_blocked, id=35468, stack(0x000000b5fcf00000,0x000000b5fd000000)]
  0x0000026e6b5fb3a0 JavaThread "parallel-3" daemon [_thread_blocked, id=25076, stack(0x000000b5fd000000,0x000000b5fd100000)]
  0x0000026e6b5f8100 JavaThread "parallel-4" daemon [_thread_blocked, id=8792, stack(0x000000b5fd600000,0x000000b5fd700000)]
  0x0000026e6b5f62a0 JavaThread "parallel-5" daemon [_thread_blocked, id=5100, stack(0x000000b5fd700000,0x000000b5fd800000)]
  0x0000026e6b5fa470 JavaThread "Reconciler-1" daemon [_thread_blocked, id=6132, stack(0x000000b5fd900000,0x000000b5fda00000)]
  0x0000026e6b5f5d90 JavaThread "parallel-6" daemon [_thread_blocked, id=12736, stack(0x000000b5fa700000,0x000000b5fa800000)]
  0x0000026e6b5f4e60 JavaThread "parallel-7" daemon [_thread_blocked, id=42220, stack(0x000000b5fd800000,0x000000b5fd900000)]
  0x0000026e6b5f6cc0 JavaThread "parallel-8" daemon [_thread_blocked, id=7944, stack(0x000000b5fdc00000,0x000000b5fdd00000)]
  0x0000026e6b5f5370 JavaThread "CompletableFutureDelayScheduler" daemon [_thread_blocked, id=39236, stack(0x000000b5fc100000,0x000000b5fc200000)]
  0x0000026e6b5f9540 JavaThread "pool-7-thread-1" [_thread_blocked, id=32140, stack(0x000000b5fd400000,0x000000b5fd500000)]
  0x0000026e6b5fae90 JavaThread "pool-7-thread-2" [_thread_blocked, id=41860, stack(0x000000b5fd500000,0x000000b5fd600000)]
  0x0000026e6aff7ad0 JavaThread "pool-7-thread-3" [_thread_blocked, id=42760, stack(0x000000b5fdf00000,0x000000b5fe000000)]
  0x0000026e6aff6ba0 JavaThread "pool-7-thread-4" [_thread_blocked, id=16664, stack(0x000000b5fe000000,0x000000b5fe100000)]
  0x0000026e6a1886a0 JavaThread "pool-7-thread-5" [_thread_blocked, id=41896, stack(0x000000b5fdb00000,0x000000b5fdc00000)]
  0x0000026e6a1895d0 JavaThread "pool-7-thread-6" [_thread_blocked, id=41616, stack(0x000000b5fe400000,0x000000b5fe500000)]
  0x0000026e6a18fb10 JavaThread "pool-7-thread-7" [_thread_blocked, id=29480, stack(0x000000b5fe500000,0x000000b5fe600000)]
  0x0000026e6a18e1c0 JavaThread "pool-7-thread-8" [_thread_blocked, id=19320, stack(0x000000b5fe600000,0x000000b5fe700000)]

Other Threads:
=>0x0000026e656fa160 VMThread "VM Thread" [stack: 0x000000b5faf00000,0x000000b5fb000000] [id=38660]
  0x0000026e65aa9c70 WatcherThread [stack: 0x000000b5fb900000,0x000000b5fba00000] [id=16864]
  0x0000026e5a964ed0 GCTaskThread "GC Thread#0" [stack: 0x000000b5faa00000,0x000000b5fab00000] [id=36892]
  0x0000026e659a7d50 GCTaskThread "GC Thread#1" [stack: 0x000000b5fbc00000,0x000000b5fbd00000] [id=22276]
  0x0000026e6a824480 GCTaskThread "GC Thread#2" [stack: 0x000000b5fbd00000,0x000000b5fbe00000] [id=4804]
  0x0000026e659a70b0 GCTaskThread "GC Thread#3" [stack: 0x000000b5fbe00000,0x000000b5fbf00000] [id=26184]
  0x0000026e6aa80800 GCTaskThread "GC Thread#4" [stack: 0x000000b5fbf00000,0x000000b5fc000000] [id=29600]
  0x0000026e6aa80ac0 GCTaskThread "GC Thread#5" [stack: 0x000000b5fc000000,0x000000b5fc100000] [id=37076]
  0x0000026e6ac6c790 GCTaskThread "GC Thread#6" [stack: 0x000000b5fc400000,0x000000b5fc500000] [id=5288]
  0x0000026e6ac34640 GCTaskThread "GC Thread#7" [stack: 0x000000b5fc500000,0x000000b5fc600000] [id=18036]
  0x0000026e5a96ed40 ConcurrentGCThread "G1 Main Marker" [stack: 0x000000b5fab00000,0x000000b5fac00000] [id=36032]
  0x0000026e5a96f670 ConcurrentGCThread "G1 Conc#0" [stack: 0x000000b5fac00000,0x000000b5fad00000] [id=15872]
  0x0000026e6abbf790 ConcurrentGCThread "G1 Conc#1" [stack: 0x000000b5fc600000,0x000000b5fc700000] [id=14324]
  0x0000026e655590f0 ConcurrentGCThread "G1 Refine#0" [stack: 0x000000b5fad00000,0x000000b5fae00000] [id=33820]
  0x0000026e65559930 ConcurrentGCThread "G1 Service" [stack: 0x000000b5fae00000,0x000000b5faf00000] [id=3388]

Threads with active compile tasks:

VM state: at safepoint (normal execution)

VM Mutex/Monitor currently owned by a thread:  ([mutex/lock_event])
[0x0000026e58606880] Threads_lock - owner thread: 0x0000026e656fa160
[0x0000026e5a925960] Heap_lock - owner thread: 0x0000026e6b27a450

Heap address: 0x00000000c0000000, size: 1024 MB, Compressed Oops mode: 32-bit

CDS archive(s) not mapped
Compressed class space mapped at: 0x0000000100000000-0x0000000140000000, reserved size: 1073741824
Narrow klass base: 0x0000000000000000, Narrow klass shift: 3, Narrow klass range: 0x140000000

GC Precious Log:
 CPUs: 8 total, 8 available
 Memory: 7932M
 Large Page Support: Disabled
 NUMA Support: Disabled
 Compressed Oops: Enabled (32-bit)
 Heap Region Size: 1M
 Heap Min Capacity: 8M
 Heap Initial Capacity: 124M
 Heap Max Capacity: 1G
 Pre-touch: Disabled
 Parallel Workers: 8
 Concurrent Workers: 2
 Concurrent Refinement Workers: 8
 Periodic GC: Disabled

Heap:
 garbage-first heap   total 133120K, used 40094K [0x00000000c0000000, 0x0000000100000000)
  region size 1024K, 1 young (1024K), 0 survivors (0K)
 Metaspace       used 62788K, committed 63424K, reserved 1114112K
  class space    used 7714K, committed 8000K, reserved 1048576K

Heap Regions: E=young(eden), S=young(survivor), O=old, HS=humongous(starts), HC=humongous(continues), CS=collection set, F=free, OA=open archive, CA=closed archive, TAMS=top-at-mark-start (previous, next)
|   0|0x00000000c0000000, 0x00000000c0100000, 0x00000000c0100000|100%|HS|  |TAMS 0x00000000c0100000, 0x00000000c0000000| Untracked 
|   1|0x00000000c0100000, 0x00000000c0200000, 0x00000000c0200000|100%|HC|  |TAMS 0x00000000c0200000, 0x00000000c0100000| Untracked 
|   2|0x00000000c0200000, 0x00000000c0300000, 0x00000000c0300000|100%|HC|  |TAMS 0x00000000c0300000, 0x00000000c0200000| Untracked 
|   3|0x00000000c0300000, 0x00000000c0400000, 0x00000000c0400000|100%|HC|  |TAMS 0x00000000c0400000, 0x00000000c0300000| Untracked 
|   4|0x00000000c0400000, 0x00000000c0500000, 0x00000000c0500000|100%|HS|  |TAMS 0x00000000c0500000, 0x00000000c0400000| Untracked 
|   5|0x00000000c0500000, 0x00000000c0600000, 0x00000000c0600000|100%|HC|  |TAMS 0x00000000c0600000, 0x00000000c0500000| Untracked 
|   6|0x00000000c0600000, 0x00000000c06fffe8, 0x00000000c0700000| 99%| O|  |TAMS 0x00000000c06fffe8, 0x00000000c0600000| Untracked 
|   7|0x00000000c0700000, 0x00000000c0800000, 0x00000000c0800000|100%| O|  |TAMS 0x00000000c0800000, 0x00000000c0700000| Untracked 
|   8|0x00000000c0800000, 0x00000000c0900000, 0x00000000c0900000|100%| O|  |TAMS 0x00000000c0900000, 0x00000000c0800000| Untracked 
|   9|0x00000000c0900000, 0x00000000c0a00000, 0x00000000c0a00000|100%| O|  |TAMS 0x00000000c0a00000, 0x00000000c0900000| Untracked 
|  10|0x00000000c0a00000, 0x00000000c0b00000, 0x00000000c0b00000|100%| O|  |TAMS 0x00000000c0b00000, 0x00000000c0a00000| Untracked 
|  11|0x00000000c0b00000, 0x00000000c0bfffe8, 0x00000000c0c00000| 99%| O|  |TAMS 0x00000000c0bfffe8, 0x00000000c0b00000| Untracked 
|  12|0x00000000c0c00000, 0x00000000c0cfffd8, 0x00000000c0d00000| 99%| O|  |TAMS 0x00000000c0cfffd8, 0x00000000c0c00000| Untracked 
|  13|0x00000000c0d00000, 0x00000000c0dfffe8, 0x00000000c0e00000| 99%| O|  |TAMS 0x00000000c0dfffe8, 0x00000000c0d00000| Untracked 
|  14|0x00000000c0e00000, 0x00000000c0f00000, 0x00000000c0f00000|100%| O|  |TAMS 0x00000000c0f00000, 0x00000000c0e00000| Untracked 
|  15|0x00000000c0f00000, 0x00000000c0fffff8, 0x00000000c1000000| 99%| O|  |TAMS 0x00000000c0fffff8, 0x00000000c0f00000| Untracked 
|  16|0x00000000c1000000, 0x00000000c1100000, 0x00000000c1100000|100%| O|  |TAMS 0x00000000c1100000, 0x00000000c1000000| Untracked 
|  17|0x00000000c1100000, 0x00000000c11fff90, 0x00000000c1200000| 99%| O|  |TAMS 0x00000000c11fff90, 0x00000000c1100000| Untracked 
|  18|0x00000000c1200000, 0x00000000c12ffff8, 0x00000000c1300000| 99%| O|  |TAMS 0x00000000c12ffff8, 0x00000000c1200000| Untracked 
|  19|0x00000000c1300000, 0x00000000c13fffd0, 0x00000000c1400000| 99%| O|  |TAMS 0x00000000c13fffd0, 0x00000000c1300000| Untracked 
|  20|0x00000000c1400000, 0x00000000c14fffb8, 0x00000000c1500000| 99%| O|  |TAMS 0x00000000c14fffb8, 0x00000000c1400000| Untracked 
|  21|0x00000000c1500000, 0x00000000c15fffc8, 0x00000000c1600000| 99%| O|  |TAMS 0x00000000c15fffc8, 0x00000000c1500000| Untracked 
|  22|0x00000000c1600000, 0x00000000c16fff80, 0x00000000c1700000| 99%| O|  |TAMS 0x00000000c16fff80, 0x00000000c1600000| Untracked 
|  23|0x00000000c1700000, 0x00000000c17f6760, 0x00000000c1800000| 96%| O|  |TAMS 0x00000000c17f6760, 0x00000000c1700000| Untracked 
|  24|0x00000000c1800000, 0x00000000c18fffc0, 0x00000000c1900000| 99%| O|  |TAMS 0x00000000c18fffc0, 0x00000000c1800000| Untracked 
|  25|0x00000000c1900000, 0x00000000c19ff970, 0x00000000c1a00000| 99%| O|  |TAMS 0x00000000c19ff970, 0x00000000c1900000| Untracked 
|  26|0x00000000c1a00000, 0x00000000c1afffc0, 0x00000000c1b00000| 99%| O|  |TAMS 0x00000000c1afffc0, 0x00000000c1a00000| Untracked 
|  27|0x00000000c1b00000, 0x00000000c1bffe50, 0x00000000c1c00000| 99%| O|  |TAMS 0x00000000c1bffe50, 0x00000000c1b00000| Untracked 
|  28|0x00000000c1c00000, 0x00000000c1cffff8, 0x00000000c1d00000| 99%| O|  |TAMS 0x00000000c1cffff8, 0x00000000c1c00000| Untracked 
|  29|0x00000000c1d00000, 0x00000000c1dfd0c0, 0x00000000c1e00000| 98%| O|  |TAMS 0x00000000c1dfd0c0, 0x00000000c1d00000| Untracked 
|  30|0x00000000c1e00000, 0x00000000c1efffd8, 0x00000000c1f00000| 99%| O|  |TAMS 0x00000000c1efffd8, 0x00000000c1e00000| Untracked 
|  31|0x00000000c1f00000, 0x00000000c1ffffe0, 0x00000000c2000000| 99%| O|  |TAMS 0x00000000c1ffffe0, 0x00000000c1f00000| Untracked 
|  32|0x00000000c2000000, 0x00000000c20fffe8, 0x00000000c2100000| 99%| O|  |TAMS 0x00000000c20fffe8, 0x00000000c2000000| Untracked 
|  33|0x00000000c2100000, 0x00000000c2137a40, 0x00000000c2200000| 21%| O|  |TAMS 0x00000000c2100000, 0x00000000c2100000| Untracked 
|  34|0x00000000c2200000, 0x00000000c22fd408, 0x00000000c2300000| 98%| O|  |TAMS 0x00000000c22fd408, 0x00000000c2200000| Untracked 
|  35|0x00000000c2300000, 0x00000000c2300068, 0x00000000c2400000|  0%| O|  |TAMS 0x00000000c2300000, 0x00000000c2300000| Untracked 
|  36|0x00000000c2400000, 0x00000000c2400000, 0x00000000c2500000|  0%| F|  |TAMS 0x00000000c2400000, 0x00000000c2400000| Untracked 
|  37|0x00000000c2500000, 0x00000000c2500000, 0x00000000c2600000|  0%| F|  |TAMS 0x00000000c2500000, 0x00000000c2500000| Untracked 
|  38|0x00000000c2600000, 0x00000000c2600000, 0x00000000c2700000|  0%| F|  |TAMS 0x00000000c2600000, 0x00000000c2600000| Untracked 
|  39|0x00000000c2700000, 0x00000000c2700000, 0x00000000c2800000|  0%| F|  |TAMS 0x00000000c2700000, 0x00000000c2700000| Untracked 
|  40|0x00000000c2800000, 0x00000000c2900000, 0x00000000c2900000|100%|HS|  |TAMS 0x00000000c2900000, 0x00000000c2800000| Untracked 
|  41|0x00000000c2900000, 0x00000000c2900000, 0x00000000c2a00000|  0%| F|  |TAMS 0x00000000c2900000, 0x00000000c2900000| Untracked 
|  42|0x00000000c2a00000, 0x00000000c2a00000, 0x00000000c2b00000|  0%| F|  |TAMS 0x00000000c2a00000, 0x00000000c2a00000| Untracked 
|  43|0x00000000c2b00000, 0x00000000c2b00000, 0x00000000c2c00000|  0%| F|  |TAMS 0x00000000c2b00000, 0x00000000c2b00000| Untracked 
|  44|0x00000000c2c00000, 0x00000000c2c00000, 0x00000000c2d00000|  0%| F|  |TAMS 0x00000000c2c00000, 0x00000000c2c00000| Untracked 
|  45|0x00000000c2d00000, 0x00000000c2d00000, 0x00000000c2e00000|  0%| F|  |TAMS 0x00000000c2d00000, 0x00000000c2d00000| Untracked 
|  46|0x00000000c2e00000, 0x00000000c2e00000, 0x00000000c2f00000|  0%| F|  |TAMS 0x00000000c2e00000, 0x00000000c2e00000| Untracked 
|  47|0x00000000c2f00000, 0x00000000c2f00000, 0x00000000c3000000|  0%| F|  |TAMS 0x00000000c2f00000, 0x00000000c2f00000| Untracked 
|  48|0x00000000c3000000, 0x00000000c3000000, 0x00000000c3100000|  0%| F|  |TAMS 0x00000000c3000000, 0x00000000c3000000| Untracked 
|  49|0x00000000c3100000, 0x00000000c3100000, 0x00000000c3200000|  0%| F|  |TAMS 0x00000000c3100000, 0x00000000c3100000| Untracked 
|  50|0x00000000c3200000, 0x00000000c3200000, 0x00000000c3300000|  0%| F|  |TAMS 0x00000000c3200000, 0x00000000c3200000| Untracked 
|  51|0x00000000c3300000, 0x00000000c3300000, 0x00000000c3400000|  0%| F|  |TAMS 0x00000000c3300000, 0x00000000c3300000| Untracked 
|  52|0x00000000c3400000, 0x00000000c3400000, 0x00000000c3500000|  0%| F|  |TAMS 0x00000000c3400000, 0x00000000c3400000| Untracked 
|  53|0x00000000c3500000, 0x00000000c3500000, 0x00000000c3600000|  0%| F|  |TAMS 0x00000000c3500000, 0x00000000c3500000| Untracked 
|  54|0x00000000c3600000, 0x00000000c3600000, 0x00000000c3700000|  0%| F|  |TAMS 0x00000000c3600000, 0x00000000c3600000| Untracked 
|  55|0x00000000c3700000, 0x00000000c3700000, 0x00000000c3800000|  0%| F|  |TAMS 0x00000000c3700000, 0x00000000c3700000| Untracked 
|  56|0x00000000c3800000, 0x00000000c3800000, 0x00000000c3900000|  0%| F|  |TAMS 0x00000000c3800000, 0x00000000c3800000| Untracked 
|  57|0x00000000c3900000, 0x00000000c3900000, 0x00000000c3a00000|  0%| F|  |TAMS 0x00000000c3900000, 0x00000000c3900000| Untracked 
|  58|0x00000000c3a00000, 0x00000000c3a00000, 0x00000000c3b00000|  0%| F|  |TAMS 0x00000000c3a00000, 0x00000000c3a00000| Untracked 
|  59|0x00000000c3b00000, 0x00000000c3b00000, 0x00000000c3c00000|  0%| F|  |TAMS 0x00000000c3b00000, 0x00000000c3b00000| Untracked 
|  60|0x00000000c3c00000, 0x00000000c3c00000, 0x00000000c3d00000|  0%| F|  |TAMS 0x00000000c3c00000, 0x00000000c3c00000| Untracked 
|  61|0x00000000c3d00000, 0x00000000c3d00000, 0x00000000c3e00000|  0%| F|  |TAMS 0x00000000c3d00000, 0x00000000c3d00000| Untracked 
|  62|0x00000000c3e00000, 0x00000000c3e00000, 0x00000000c3f00000|  0%| F|  |TAMS 0x00000000c3e00000, 0x00000000c3e00000| Untracked 
|  63|0x00000000c3f00000, 0x00000000c3f00000, 0x00000000c4000000|  0%| F|  |TAMS 0x00000000c3f00000, 0x00000000c3f00000| Untracked 
|  64|0x00000000c4000000, 0x00000000c4000000, 0x00000000c4100000|  0%| F|  |TAMS 0x00000000c4000000, 0x00000000c4000000| Untracked 
|  65|0x00000000c4100000, 0x00000000c4100000, 0x00000000c4200000|  0%| F|  |TAMS 0x00000000c4100000, 0x00000000c4100000| Untracked 
|  66|0x00000000c4200000, 0x00000000c4200000, 0x00000000c4300000|  0%| F|  |TAMS 0x00000000c4200000, 0x00000000c4200000| Untracked 
|  67|0x00000000c4300000, 0x00000000c4300000, 0x00000000c4400000|  0%| F|  |TAMS 0x00000000c4300000, 0x00000000c4300000| Untracked 
|  68|0x00000000c4400000, 0x00000000c4400000, 0x00000000c4500000|  0%| F|  |TAMS 0x00000000c4400000, 0x00000000c4400000| Untracked 
|  69|0x00000000c4500000, 0x00000000c4500000, 0x00000000c4600000|  0%| F|  |TAMS 0x00000000c4500000, 0x00000000c4500000| Untracked 
|  70|0x00000000c4600000, 0x00000000c4600000, 0x00000000c4700000|  0%| F|  |TAMS 0x00000000c4600000, 0x00000000c4600000| Untracked 
|  71|0x00000000c4700000, 0x00000000c4700000, 0x00000000c4800000|  0%| F|  |TAMS 0x00000000c4700000, 0x00000000c4700000| Untracked 
|  72|0x00000000c4800000, 0x00000000c4800000, 0x00000000c4900000|  0%| F|  |TAMS 0x00000000c4800000, 0x00000000c4800000| Untracked 
|  73|0x00000000c4900000, 0x00000000c4900000, 0x00000000c4a00000|  0%| F|  |TAMS 0x00000000c4900000, 0x00000000c4900000| Untracked 
|  74|0x00000000c4a00000, 0x00000000c4a00000, 0x00000000c4b00000|  0%| F|  |TAMS 0x00000000c4a00000, 0x00000000c4a00000| Untracked 
|  75|0x00000000c4b00000, 0x00000000c4b00000, 0x00000000c4c00000|  0%| F|  |TAMS 0x00000000c4b00000, 0x00000000c4b00000| Untracked 
|  76|0x00000000c4c00000, 0x00000000c4c00000, 0x00000000c4d00000|  0%| F|  |TAMS 0x00000000c4c00000, 0x00000000c4c00000| Untracked 
|  77|0x00000000c4d00000, 0x00000000c4d00000, 0x00000000c4e00000|  0%| F|  |TAMS 0x00000000c4d00000, 0x00000000c4d00000| Untracked 
|  78|0x00000000c4e00000, 0x00000000c4e00000, 0x00000000c4f00000|  0%| F|  |TAMS 0x00000000c4e00000, 0x00000000c4e00000| Untracked 
|  79|0x00000000c4f00000, 0x00000000c4f00000, 0x00000000c5000000|  0%| F|  |TAMS 0x00000000c4f00000, 0x00000000c4f00000| Untracked 
|  80|0x00000000c5000000, 0x00000000c5000000, 0x00000000c5100000|  0%| F|  |TAMS 0x00000000c5000000, 0x00000000c5000000| Untracked 
|  81|0x00000000c5100000, 0x00000000c5100000, 0x00000000c5200000|  0%| F|  |TAMS 0x00000000c5100000, 0x00000000c5100000| Untracked 
|  82|0x00000000c5200000, 0x00000000c5200000, 0x00000000c5300000|  0%| F|  |TAMS 0x00000000c5200000, 0x00000000c5200000| Untracked 
|  83|0x00000000c5300000, 0x00000000c5300000, 0x00000000c5400000|  0%| F|  |TAMS 0x00000000c5300000, 0x00000000c5300000| Untracked 
|  84|0x00000000c5400000, 0x00000000c5400000, 0x00000000c5500000|  0%| F|  |TAMS 0x00000000c5400000, 0x00000000c5400000| Untracked 
|  85|0x00000000c5500000, 0x00000000c5500000, 0x00000000c5600000|  0%| F|  |TAMS 0x00000000c5500000, 0x00000000c5500000| Untracked 
|  86|0x00000000c5600000, 0x00000000c5600000, 0x00000000c5700000|  0%| F|  |TAMS 0x00000000c5600000, 0x00000000c5600000| Untracked 
|  87|0x00000000c5700000, 0x00000000c5700000, 0x00000000c5800000|  0%| F|  |TAMS 0x00000000c5700000, 0x00000000c5700000| Untracked 
|  88|0x00000000c5800000, 0x00000000c5800000, 0x00000000c5900000|  0%| F|  |TAMS 0x00000000c5800000, 0x00000000c5800000| Untracked 
|  89|0x00000000c5900000, 0x00000000c5900000, 0x00000000c5a00000|  0%| F|  |TAMS 0x00000000c5900000, 0x00000000c5900000| Untracked 
|  90|0x00000000c5a00000, 0x00000000c5a00000, 0x00000000c5b00000|  0%| F|  |TAMS 0x00000000c5a00000, 0x00000000c5a00000| Untracked 
|  91|0x00000000c5b00000, 0x00000000c5b00000, 0x00000000c5c00000|  0%| F|  |TAMS 0x00000000c5b00000, 0x00000000c5b00000| Untracked 
|  92|0x00000000c5c00000, 0x00000000c5c00000, 0x00000000c5d00000|  0%| F|  |TAMS 0x00000000c5c00000, 0x00000000c5c00000| Untracked 
|  93|0x00000000c5d00000, 0x00000000c5d00000, 0x00000000c5e00000|  0%| F|  |TAMS 0x00000000c5d00000, 0x00000000c5d00000| Untracked 
|  94|0x00000000c5e00000, 0x00000000c5e00000, 0x00000000c5f00000|  0%| F|  |TAMS 0x00000000c5e00000, 0x00000000c5e00000| Untracked 
|  95|0x00000000c5f00000, 0x00000000c5f00000, 0x00000000c6000000|  0%| F|  |TAMS 0x00000000c5f00000, 0x00000000c5f00000| Untracked 
|  96|0x00000000c6000000, 0x00000000c6000000, 0x00000000c6100000|  0%| F|  |TAMS 0x00000000c6000000, 0x00000000c6000000| Untracked 
|  97|0x00000000c6100000, 0x00000000c6100000, 0x00000000c6200000|  0%| F|  |TAMS 0x00000000c6100000, 0x00000000c6100000| Untracked 
|  98|0x00000000c6200000, 0x00000000c6200000, 0x00000000c6300000|  0%| F|  |TAMS 0x00000000c6200000, 0x00000000c6200000| Untracked 
|  99|0x00000000c6300000, 0x00000000c6300000, 0x00000000c6400000|  0%| F|  |TAMS 0x00000000c6300000, 0x00000000c6300000| Untracked 
| 100|0x00000000c6400000, 0x00000000c6400000, 0x00000000c6500000|  0%| F|  |TAMS 0x00000000c6400000, 0x00000000c6400000| Untracked 
| 101|0x00000000c6500000, 0x00000000c6500000, 0x00000000c6600000|  0%| F|  |TAMS 0x00000000c6500000, 0x00000000c6500000| Untracked 
| 102|0x00000000c6600000, 0x00000000c6600000, 0x00000000c6700000|  0%| F|  |TAMS 0x00000000c6600000, 0x00000000c6600000| Untracked 
| 103|0x00000000c6700000, 0x00000000c6700000, 0x00000000c6800000|  0%| F|  |TAMS 0x00000000c6700000, 0x00000000c6700000| Untracked 
| 104|0x00000000c6800000, 0x00000000c6800000, 0x00000000c6900000|  0%| F|  |TAMS 0x00000000c6800000, 0x00000000c6800000| Untracked 
| 105|0x00000000c6900000, 0x00000000c6900000, 0x00000000c6a00000|  0%| F|  |TAMS 0x00000000c6900000, 0x00000000c6900000| Untracked 
| 106|0x00000000c6a00000, 0x00000000c6a00000, 0x00000000c6b00000|  0%| F|  |TAMS 0x00000000c6a00000, 0x00000000c6a00000| Untracked 
| 107|0x00000000c6b00000, 0x00000000c6b00000, 0x00000000c6c00000|  0%| F|  |TAMS 0x00000000c6b00000, 0x00000000c6b00000| Untracked 
| 108|0x00000000c6c00000, 0x00000000c6c00000, 0x00000000c6d00000|  0%| F|  |TAMS 0x00000000c6c00000, 0x00000000c6c00000| Untracked 
| 109|0x00000000c6d00000, 0x00000000c6d00000, 0x00000000c6e00000|  0%| F|  |TAMS 0x00000000c6d00000, 0x00000000c6d00000| Untracked 
| 110|0x00000000c6e00000, 0x00000000c6e00000, 0x00000000c6f00000|  0%| F|  |TAMS 0x00000000c6e00000, 0x00000000c6e00000| Untracked 
| 111|0x00000000c6f00000, 0x00000000c6f00000, 0x00000000c7000000|  0%| F|  |TAMS 0x00000000c6f00000, 0x00000000c6f00000| Untracked 
| 112|0x00000000c7000000, 0x00000000c7000000, 0x00000000c7100000|  0%| F|  |TAMS 0x00000000c7000000, 0x00000000c7000000| Untracked 
| 113|0x00000000c7100000, 0x00000000c7100000, 0x00000000c7200000|  0%| F|  |TAMS 0x00000000c7100000, 0x00000000c7100000| Untracked 
| 114|0x00000000c7200000, 0x00000000c7200000, 0x00000000c7300000|  0%| F|  |TAMS 0x00000000c7200000, 0x00000000c7200000| Untracked 
| 115|0x00000000c7300000, 0x00000000c7300000, 0x00000000c7400000|  0%| F|  |TAMS 0x00000000c7300000, 0x00000000c7300000| Untracked 
| 116|0x00000000c7400000, 0x00000000c7400000, 0x00000000c7500000|  0%| F|  |TAMS 0x00000000c7400000, 0x00000000c7400000| Untracked 
| 117|0x00000000c7500000, 0x00000000c7500000, 0x00000000c7600000|  0%| F|  |TAMS 0x00000000c7500000, 0x00000000c7500000| Untracked 
| 118|0x00000000c7600000, 0x00000000c7600000, 0x00000000c7700000|  0%| F|  |TAMS 0x00000000c7600000, 0x00000000c7600000| Untracked 
| 119|0x00000000c7700000, 0x00000000c7700000, 0x00000000c7800000|  0%| F|  |TAMS 0x00000000c7700000, 0x00000000c7700000| Untracked 
| 120|0x00000000c7800000, 0x00000000c7800000, 0x00000000c7900000|  0%| F|  |TAMS 0x00000000c7800000, 0x00000000c7800000| Untracked 
| 121|0x00000000c7900000, 0x00000000c7900000, 0x00000000c7a00000|  0%| F|  |TAMS 0x00000000c7900000, 0x00000000c7900000| Untracked 
| 122|0x00000000c7a00000, 0x00000000c7a00000, 0x00000000c7b00000|  0%| F|  |TAMS 0x00000000c7a00000, 0x00000000c7a00000| Untracked 
| 123|0x00000000c7b00000, 0x00000000c7b00000, 0x00000000c7c00000|  0%| F|  |TAMS 0x00000000c7b00000, 0x00000000c7b00000| Untracked 
| 124|0x00000000c7c00000, 0x00000000c7d00000, 0x00000000c7d00000|100%| O|  |TAMS 0x00000000c7d00000, 0x00000000c7c00000| Untracked 
| 125|0x00000000c7d00000, 0x00000000c7e00000, 0x00000000c7e00000|100%| O|  |TAMS 0x00000000c7e00000, 0x00000000c7d00000| Untracked 
| 126|0x00000000c7e00000, 0x00000000c7f00000, 0x00000000c7f00000|100%| O|  |TAMS 0x00000000c7f00000, 0x00000000c7e00000| Untracked 
| 127|0x00000000c7f00000, 0x00000000c7f00000, 0x00000000c8000000|  0%| F|  |TAMS 0x00000000c7f00000, 0x00000000c7f00000| Untracked 
| 128|0x00000000c8000000, 0x00000000c8100000, 0x00000000c8100000|100%| O|  |TAMS 0x00000000c8100000, 0x00000000c8000000| Untracked 
| 129|0x00000000c8100000, 0x00000000c81058a8, 0x00000000c8200000|  2%| E|  |TAMS 0x00000000c8100000, 0x00000000c8100000| Complete 

Card table byte_map: [0x0000026e608c0000,0x0000026e60ac0000] _byte_map_base: 0x0000026e602c0000

Marking Bits (Prev, Next): (CMBitMap*) 0x0000026e5a966450, (CMBitMap*) 0x0000026e5a966410
 Prev Bits: [0x0000026e61cc0000, 0x0000026e62cc0000)
 Next Bits: [0x0000026e60cc0000, 0x0000026e61cc0000)

Polling page: 0x0000026e58880000

Metaspace:

Usage:
  Non-class:     53.78 MB used.
      Class:      7.53 MB used.
       Both:     61.32 MB used.

Virtual space:
  Non-class space:       64.00 MB reserved,      54.12 MB ( 85%) committed,  1 nodes.
      Class space:        1.00 GB reserved,       7.81 MB ( <1%) committed,  1 nodes.
             Both:        1.06 GB reserved,      61.94 MB (  6%) committed. 

Chunk freelists:
   Non-Class:  9.68 MB
       Class:  8.26 MB
        Both:  17.95 MB

MaxMetaspaceSize: unlimited
CompressedClassSpaceSize: 1.00 GB
Initial GC threshold: 21.00 MB
Current GC threshold: 103.25 MB
CDS: off
MetaspaceReclaimPolicy: balanced
 - commit_granule_bytes: 65536.
 - commit_granule_words: 8192.
 - virtual_space_node_default_size: 8388608.
 - enlarge_chunks_in_place: 1.
 - new_chunks_are_fully_committed: 0.
 - uncommit_free_chunks: 1.
 - use_allocation_guard: 0.
 - handle_deallocations: 1.


Internal statistics:

num_allocs_failed_limit: 9.
num_arena_births: 966.
num_arena_deaths: 422.
num_vsnodes_births: 2.
num_vsnodes_deaths: 0.
num_space_committed: 990.
num_space_uncommitted: 0.
num_chunks_returned_to_freelist: 528.
num_chunks_taken_from_freelist: 3169.
num_chunk_merges: 179.
num_chunk_splits: 2023.
num_chunks_enlarged: 1438.
num_inconsistent_stats: 0.

CodeCache: size=49152Kb used=17053Kb max_used=17053Kb free=32098Kb
 bounds [0x0000026e5d5b0000, 0x0000026e5e660000, 0x0000026e605b0000]
 total_blobs=9659 nmethods=8972 adapters=612
 compilation: enabled
              stopped_count=0, restarted_count=0
 full_count=0

Compilation events (20 events):
Event: 6772.169 Thread 0x0000026e6573db00 8988       1       org.eclipse.jdt.internal.compiler.codegen.BranchLabel::trackStackDepth (248 bytes)
Event: 6772.170 Thread 0x0000026e6573db00 nmethod 8988 0x0000026e5e651290 code [0x0000026e5e651540, 0x0000026e5e6521f8]
Event: 6773.236 Thread 0x0000026e6573db00 8991       1       java.lang.StackTraceElement::toString (322 bytes)
Event: 6773.238 Thread 0x0000026e6573db00 nmethod 8991 0x0000026e5e652b10 code [0x0000026e5e652f40, 0x0000026e5e654338]
Event: 6773.238 Thread 0x0000026e6573db00 8992       1       java.lang.StackTraceElement::dropClassLoaderName (16 bytes)
Event: 6773.239 Thread 0x0000026e6573db00 nmethod 8992 0x0000026e5e654c90 code [0x0000026e5e654e20, 0x0000026e5e654ef8]
Event: 6773.239 Thread 0x0000026e6573db00 8993       1       java.lang.StackTraceElement::isNativeMethod (15 bytes)
Event: 6773.239 Thread 0x0000026e6573db00 nmethod 8993 0x0000026e5e654f90 code [0x0000026e5e655120, 0x0000026e5e6551f8]
Event: 6773.239 Thread 0x0000026e6573db00 8994       1       ch.qos.logback.classic.pattern.ThrowableProxyConverter::isIgnoredStackTraceLine (51 bytes)
Event: 6773.240 Thread 0x0000026e6573db00 nmethod 8994 0x0000026e5e655290 code [0x0000026e5e655460, 0x0000026e5e655678]
Event: 6773.240 Thread 0x0000026e6573db00 8995       1       ch.qos.logback.classic.pattern.ThrowableProxyConverter::printStackLine (23 bytes)
Event: 6773.241 Thread 0x0000026e6573db00 nmethod 8995 0x0000026e5e655810 code [0x0000026e5e6559e0, 0x0000026e5e655ba8]
Event: 6773.241 Thread 0x0000026e6573db00 8996       1       ch.qos.logback.classic.pattern.ThrowableProxyConverter::extraData (1 bytes)
Event: 6773.241 Thread 0x0000026e6573db00 nmethod 8996 0x0000026e5e655d90 code [0x0000026e5e655f20, 0x0000026e5e655fd8]
Event: 6776.252 Thread 0x0000026e6573db00 8997       1       java.lang.StackTraceElement::equals (120 bytes)
Event: 6776.253 Thread 0x0000026e6573db00 nmethod 8997 0x0000026e5e656090 code [0x0000026e5e656280, 0x0000026e5e6566d8]
Event: 6840.691 Thread 0x0000026e6573db00 8998       1       java.util.concurrent.locks.LockSupport::parkUntil (9 bytes)
Event: 6840.693 Thread 0x0000026e6573db00 nmethod 8998 0x0000026e5e656910 code [0x0000026e5e656aa0, 0x0000026e5e656b68]
Event: 7146.566 Thread 0x0000026e6573db00 8999       1       java.lang.ProcessImpl::waitFor (136 bytes)
Event: 7146.597 Thread 0x0000026e6573db00 nmethod 8999 0x0000026e5e656c10 code [0x0000026e5e656e20, 0x0000026e5e657238]

GC Heap History (20 events):
Event: 10715.739 GC heap after
{Heap after GC invocations=1012 (full 985):
 garbage-first heap   total 133120K, used 40094K [0x00000000c0000000, 0x0000000100000000)
  region size 1024K, 0 young (0K), 0 survivors (0K)
 Metaspace       used 62788K, committed 63424K, reserved 1114112K
  class space    used 7714K, committed 8000K, reserved 1048576K
}
Event: 10726.127 GC heap before
{Heap before GC invocations=1012 (full 985):
 garbage-first heap   total 133120K, used 40094K [0x00000000c0000000, 0x0000000100000000)
  region size 1024K, 1 young (1024K), 0 survivors (0K)
 Metaspace       used 62788K, committed 63424K, reserved 1114112K
  class space    used 7714K, committed 8000K, reserved 1048576K
}
Event: 10726.198 GC heap after
{Heap after GC invocations=1013 (full 986):
 garbage-first heap   total 133120K, used 40094K [0x00000000c0000000, 0x0000000100000000)
  region size 1024K, 0 young (0K), 0 survivors (0K)
 Metaspace       used 62788K, committed 63424K, reserved 1114112K
  class space    used 7714K, committed 8000K, reserved 1048576K
}
Event: 10736.787 GC heap before
{Heap before GC invocations=1013 (full 986):
 garbage-first heap   total 133120K, used 40094K [0x00000000c0000000, 0x0000000100000000)
  region size 1024K, 1 young (1024K), 0 survivors (0K)
 Metaspace       used 62788K, committed 63424K, reserved 1114112K
  class space    used 7714K, committed 8000K, reserved 1048576K
}
Event: 10736.856 GC heap after
{Heap after GC invocations=1014 (full 987):
 garbage-first heap   total 133120K, used 40094K [0x00000000c0000000, 0x0000000100000000)
  region size 1024K, 0 young (0K), 0 survivors (0K)
 Metaspace       used 62788K, committed 63424K, reserved 1114112K
  class space    used 7714K, committed 8000K, reserved 1048576K
}
Event: 10747.248 GC heap before
{Heap before GC invocations=1014 (full 987):
 garbage-first heap   total 133120K, used 40094K [0x00000000c0000000, 0x0000000100000000)
  region size 1024K, 1 young (1024K), 0 survivors (0K)
 Metaspace       used 62788K, committed 63424K, reserved 1114112K
  class space    used 7714K, committed 8000K, reserved 1048576K
}
Event: 10747.310 GC heap after
{Heap after GC invocations=1015 (full 988):
 garbage-first heap   total 133120K, used 40094K [0x00000000c0000000, 0x0000000100000000)
  region size 1024K, 0 young (0K), 0 survivors (0K)
 Metaspace       used 62788K, committed 63424K, reserved 1114112K
  class space    used 7714K, committed 8000K, reserved 1048576K
}
Event: 10757.522 GC heap before
{Heap before GC invocations=1015 (full 988):
 garbage-first heap   total 133120K, used 40094K [0x00000000c0000000, 0x0000000100000000)
  region size 1024K, 1 young (1024K), 0 survivors (0K)
 Metaspace       used 62788K, committed 63424K, reserved 1114112K
  class space    used 7714K, committed 8000K, reserved 1048576K
}
Event: 10757.555 GC heap after
{Heap after GC invocations=1016 (full 989):
 garbage-first heap   total 133120K, used 40094K [0x00000000c0000000, 0x0000000100000000)
  region size 1024K, 0 young (0K), 0 survivors (0K)
 Metaspace       used 62788K, committed 63424K, reserved 1114112K
  class space    used 7714K, committed 8000K, reserved 1048576K
}
Event: 10767.762 GC heap before
{Heap before GC invocations=1016 (full 989):
 garbage-first heap   total 133120K, used 40094K [0x00000000c0000000, 0x0000000100000000)
  region size 1024K, 1 young (1024K), 0 survivors (0K)
 Metaspace       used 62788K, committed 63424K, reserved 1114112K
  class space    used 7714K, committed 8000K, reserved 1048576K
}
Event: 10767.781 GC heap after
{Heap after GC invocations=1017 (full 990):
 garbage-first heap   total 133120K, used 40094K [0x00000000c0000000, 0x0000000100000000)
  region size 1024K, 0 young (0K), 0 survivors (0K)
 Metaspace       used 62788K, committed 63424K, reserved 1114112K
  class space    used 7714K, committed 8000K, reserved 1048576K
}
Event: 10777.991 GC heap before
{Heap before GC invocations=1017 (full 990):
 garbage-first heap   total 133120K, used 40094K [0x00000000c0000000, 0x0000000100000000)
  region size 1024K, 1 young (1024K), 0 survivors (0K)
 Metaspace       used 62788K, committed 63424K, reserved 1114112K
  class space    used 7714K, committed 8000K, reserved 1048576K
}
Event: 10778.024 GC heap after
{Heap after GC invocations=1018 (full 991):
 garbage-first heap   total 133120K, used 40094K [0x00000000c0000000, 0x0000000100000000)
  region size 1024K, 0 young (0K), 0 survivors (0K)
 Metaspace       used 62788K, committed 63424K, reserved 1114112K
  class space    used 7714K, committed 8000K, reserved 1048576K
}
Event: 10788.282 GC heap before
{Heap before GC invocations=1018 (full 991):
 garbage-first heap   total 133120K, used 40094K [0x00000000c0000000, 0x0000000100000000)
  region size 1024K, 1 young (1024K), 0 survivors (0K)
 Metaspace       used 62788K, committed 63424K, reserved 1114112K
  class space    used 7714K, committed 8000K, reserved 1048576K
}
Event: 10788.306 GC heap after
{Heap after GC invocations=1019 (full 992):
 garbage-first heap   total 133120K, used 40094K [0x00000000c0000000, 0x0000000100000000)
  region size 1024K, 0 young (0K), 0 survivors (0K)
 Metaspace       used 62788K, committed 63424K, reserved 1114112K
  class space    used 7714K, committed 8000K, reserved 1048576K
}
Event: 10798.589 GC heap before
{Heap before GC invocations=1019 (full 992):
 garbage-first heap   total 133120K, used 40094K [0x00000000c0000000, 0x0000000100000000)
  region size 1024K, 1 young (1024K), 0 survivors (0K)
 Metaspace       used 62788K, committed 63424K, reserved 1114112K
  class space    used 7714K, committed 8000K, reserved 1048576K
}
Event: 10798.618 GC heap after
{Heap after GC invocations=1020 (full 993):
 garbage-first heap   total 133120K, used 40094K [0x00000000c0000000, 0x0000000100000000)
  region size 1024K, 0 young (0K), 0 survivors (0K)
 Metaspace       used 62788K, committed 63424K, reserved 1114112K
  class space    used 7714K, committed 8000K, reserved 1048576K
}
Event: 10809.026 GC heap before
{Heap before GC invocations=1020 (full 993):
 garbage-first heap   total 133120K, used 40094K [0x00000000c0000000, 0x0000000100000000)
  region size 1024K, 1 young (1024K), 0 survivors (0K)
 Metaspace       used 62788K, committed 63424K, reserved 1114112K
  class space    used 7714K, committed 8000K, reserved 1048576K
}
Event: 10809.062 GC heap after
{Heap after GC invocations=1021 (full 994):
 garbage-first heap   total 133120K, used 40094K [0x00000000c0000000, 0x0000000100000000)
  region size 1024K, 0 young (0K), 0 survivors (0K)
 Metaspace       used 62788K, committed 63424K, reserved 1114112K
  class space    used 7714K, committed 8000K, reserved 1048576K
}
Event: 10819.252 GC heap before
{Heap before GC invocations=1021 (full 994):
 garbage-first heap   total 133120K, used 40094K [0x00000000c0000000, 0x0000000100000000)
  region size 1024K, 1 young (1024K), 0 survivors (0K)
 Metaspace       used 62788K, committed 63424K, reserved 1114112K
  class space    used 7714K, committed 8000K, reserved 1048576K
}

Dll operation events (10 events):
Event: 0.009 Loaded shared library c:\Users\Soulaimane\.vscode\extensions\redhat.java-1.34.0-win32-x64\jre\17.0.12-win32-x86_64\bin\java.dll
Event: 0.431 Loaded shared library C:\Users\Soulaimane\.vscode\extensions\redhat.java-1.34.0-win32-x64\jre\17.0.12-win32-x86_64\bin\net.dll
Event: 0.432 Loaded shared library C:\Users\Soulaimane\.vscode\extensions\redhat.java-1.34.0-win32-x64\jre\17.0.12-win32-x86_64\bin\nio.dll
Event: 1.253 Loaded shared library C:\Users\Soulaimane\.vscode\extensions\redhat.java-1.34.0-win32-x64\jre\17.0.12-win32-x86_64\bin\zip.dll
Event: 18.155 Loaded shared library C:\Users\Soulaimane\.vscode\extensions\redhat.java-1.34.0-win32-x64\jre\17.0.12-win32-x86_64\bin\jimage.dll
Event: 21.401 Loaded shared library c:\Users\Soulaimane\.vscode\extensions\redhat.java-1.34.0-win32-x64\jre\17.0.12-win32-x86_64\bin\verify.dll
Event: 30.415 Loaded shared library C:\Users\Soulaimane\.vscode\extensions\redhat.java-1.34.0-win32-x64\jre\17.0.12-win32-x86_64\bin\management.dll
Event: 30.487 Loaded shared library C:\Users\Soulaimane\.vscode\extensions\redhat.java-1.34.0-win32-x64\jre\17.0.12-win32-x86_64\bin\management_ext.dll
Event: 32.465 Loaded shared library C:\Users\Soulaimane\.vscode\extensions\redhat.java-1.34.0-win32-x64\jre\17.0.12-win32-x86_64\bin\sunmscapi.dll
Event: 32.993 Loaded shared library C:\Users\Soulaimane\.vscode\extensions\redhat.java-1.34.0-win32-x64\jre\17.0.12-win32-x86_64\bin\extnet.dll

Deoptimization events (20 events):
Event: 34.254 Thread 0x0000026e6b5f5880 DEOPT PACKING pc=0x0000026e5dcaeca4 sp=0x000000b5fd1ff2a0
Event: 34.254 Thread 0x0000026e6b5f76e0 DEOPT PACKING pc=0x0000026e5dcaeca4 sp=0x000000b5fd3ff010
Event: 34.254 Thread 0x0000026e6b5f5880 DEOPT UNPACKING pc=0x0000026e5d60ace3 sp=0x000000b5fd1fe788 mode 0
Event: 34.254 Thread 0x0000026e6b5f76e0 DEOPT UNPACKING pc=0x0000026e5d60ace3 sp=0x000000b5fd3fe4f8 mode 0
Event: 4348.644 Thread 0x0000026e6a61d240 DEOPT PACKING pc=0x0000026e5dc5f8d4 sp=0x000000b5fc8fee10
Event: 4348.647 Thread 0x0000026e6a61d240 DEOPT UNPACKING pc=0x0000026e5d60ace3 sp=0x000000b5fc8fe2b8 mode 0
Event: 4506.704 Thread 0x0000026e6aff75c0 DEOPT PACKING pc=0x0000026e5dde360c sp=0x000000b5fcefdf80
Event: 4506.705 Thread 0x0000026e6aff75c0 DEOPT UNPACKING pc=0x0000026e5d60ace3 sp=0x000000b5fcefd4e8 mode 0
Event: 4506.705 Thread 0x0000026e6aff75c0 DEOPT PACKING pc=0x0000026e5ddef3cc sp=0x000000b5fcefe0b0
Event: 4506.705 Thread 0x0000026e6aff75c0 DEOPT UNPACKING pc=0x0000026e5d60ace3 sp=0x000000b5fcefd590 mode 0
Event: 4506.705 Thread 0x0000026e6aff75c0 DEOPT PACKING pc=0x0000026e5dde360c sp=0x000000b5fcefe1e0
Event: 4506.705 Thread 0x0000026e6aff75c0 DEOPT UNPACKING pc=0x0000026e5d60ace3 sp=0x000000b5fcefd748 mode 0
Event: 4506.705 Thread 0x0000026e6aff75c0 DEOPT PACKING pc=0x0000026e5ddef3cc sp=0x000000b5fcefe310
Event: 4506.705 Thread 0x0000026e6aff75c0 DEOPT UNPACKING pc=0x0000026e5d60ace3 sp=0x000000b5fcefd808 mode 0
Event: 4506.712 Thread 0x0000026e6aff75c0 DEOPT PACKING pc=0x0000026e5dde360c sp=0x000000b5fcefe680
Event: 4506.712 Thread 0x0000026e6aff75c0 DEOPT UNPACKING pc=0x0000026e5d60ace3 sp=0x000000b5fcefdbe8 mode 0
Event: 4506.712 Thread 0x0000026e6aff75c0 DEOPT PACKING pc=0x0000026e5ddef3cc sp=0x000000b5fcefe7b0
Event: 4506.712 Thread 0x0000026e6aff75c0 DEOPT UNPACKING pc=0x0000026e5d60ace3 sp=0x000000b5fcefdca8 mode 0
Event: 4515.377 Thread 0x0000026e6b5f76e0 DEOPT PACKING pc=0x0000026e5e0fbacc sp=0x000000b5fdbfdd30
Event: 4515.378 Thread 0x0000026e6b5f76e0 DEOPT UNPACKING pc=0x0000026e5d60ace3 sp=0x000000b5fdbfd1f0 mode 0

Classes loaded (20 events):
Event: 4654.194 Loading class sun/rmi/runtime/RuntimeUtil$GetInstanceAction
Event: 4654.194 Loading class sun/rmi/runtime/RuntimeUtil$GetInstanceAction done
Event: 4654.194 Loading class sun/rmi/runtime/RuntimeUtil
Event: 4654.194 Loading class sun/rmi/runtime/RuntimeUtil done
Event: 4654.194 Loading class sun/rmi/runtime/RuntimeUtil$1
Event: 4654.194 Loading class sun/rmi/runtime/RuntimeUtil$1 done
Event: 4654.195 Loading class sun/net/util/SocketExceptions
Event: 4654.195 Loading class sun/net/util/SocketExceptions done
Event: 4654.195 Loading class java/rmi/ConnectException
Event: 4654.195 Loading class java/rmi/ConnectException done
Event: 4654.196 Loading class java/rmi/NotBoundException
Event: 4654.196 Loading class java/rmi/NotBoundException done
Event: 4654.196 Loading class javax/naming/ServiceUnavailableException
Event: 4654.196 Loading class javax/naming/ServiceUnavailableException done
Event: 4660.229 Loading class java/util/concurrent/CompletableFuture$MinimalStage
Event: 4660.231 Loading class java/util/concurrent/CompletableFuture$MinimalStage done
Event: 4697.055 Loading class java/io/RandomAccessFile$1
Event: 4697.056 Loading class java/io/RandomAccessFile$1 done
Event: 6663.626 Loading class java/util/logging/LogRecord
Event: 6663.722 Loading class java/util/logging/LogRecord done

Classes unloaded (20 events):
Event: 4747.591 Thread 0x0000026e656fa160 Unloading class 0x000000010079b000 'java/lang/invoke/LambdaForm$MH+0x000000010079b000'
Event: 4747.591 Thread 0x0000026e656fa160 Unloading class 0x000000010079a800 'java/lang/invoke/LambdaForm$MH+0x000000010079a800'
Event: 4747.591 Thread 0x0000026e656fa160 Unloading class 0x000000010079a000 'java/lang/invoke/LambdaForm$MH+0x000000010079a000'
Event: 4747.591 Thread 0x0000026e656fa160 Unloading class 0x0000000100799400 'java/lang/invoke/LambdaForm$MH+0x0000000100799400'
Event: 4747.591 Thread 0x0000026e656fa160 Unloading class 0x0000000100798400 'java/lang/invoke/LambdaForm$MH+0x0000000100798400'
Event: 4747.591 Thread 0x0000026e656fa160 Unloading class 0x0000000100798000 'java/lang/invoke/LambdaForm$MH+0x0000000100798000'
Event: 4798.640 Thread 0x0000026e656fa160 Unloading class 0x00000001007aa000 'jdk/internal/reflect/GeneratedMethodAccessor20'
Event: 4798.641 Thread 0x0000026e656fa160 Unloading class 0x00000001007a9c00 'jdk/internal/reflect/GeneratedConstructorAccessor58'
Event: 4798.641 Thread 0x0000026e656fa160 Unloading class 0x00000001007a9800 'jdk/internal/reflect/GeneratedMethodAccessor19'
Event: 4798.641 Thread 0x0000026e656fa160 Unloading class 0x00000001007a9400 'jdk/internal/reflect/GeneratedConstructorAccessor57'
Event: 4798.641 Thread 0x0000026e656fa160 Unloading class 0x00000001007a9000 'jdk/internal/reflect/GeneratedMethodAccessor18'
Event: 4798.641 Thread 0x0000026e656fa160 Unloading class 0x00000001007a8c00 'jdk/internal/reflect/GeneratedMethodAccessor17'
Event: 4798.641 Thread 0x0000026e656fa160 Unloading class 0x00000001007a8800 'jdk/internal/reflect/GeneratedMethodAccessor16'
Event: 6877.245 Thread 0x0000026e656fa160 Unloading class 0x00000001007a0000 'jdk/internal/reflect/GeneratedMethodAccessor29'
Event: 6877.246 Thread 0x0000026e656fa160 Unloading class 0x0000000100799400 'jdk/internal/reflect/GeneratedConstructorAccessor65'
Event: 6877.246 Thread 0x0000026e656fa160 Unloading class 0x00000001007b9c00 'jdk/internal/reflect/GeneratedMethodAccessor28'
Event: 6877.246 Thread 0x0000026e656fa160 Unloading class 0x00000001007c4400 'jdk/internal/reflect/GeneratedConstructorAccessor64'
Event: 6877.246 Thread 0x0000026e656fa160 Unloading class 0x00000001007c5800 'jdk/internal/reflect/GeneratedMethodAccessor27'
Event: 6877.246 Thread 0x0000026e656fa160 Unloading class 0x00000001007c8000 'jdk/internal/reflect/GeneratedMethodAccessor26'
Event: 6877.246 Thread 0x0000026e656fa160 Unloading class 0x00000001007aa000 'jdk/internal/reflect/GeneratedMethodAccessor25'

Classes redefined (0 events):
No events

Internal exceptions (20 events):
Event: 4654.083 Thread 0x0000026e6a61d240 Exception <a 'java/lang/NoSuchMethodError'{0x00000000c5e7a008}: 'java.lang.Object java.lang.invoke.DirectMethodHandle$Holder.invokeSpecial(java.lang.Object, java.lang.Object, long, java.lang.Object, java.lang.Object, java.lang.Object, java.lang.Object, int, int, java.lang.Object, java.lang.Object, java.lang.Object)'> (0x00000000c5e7a008) 
thrown [s\src\hotspot\share\interpreter\linkResolver.cpp, line 759]
Event: 4654.084 Thread 0x0000026e6a61d240 Exception <a 'java/lang/NoSuchMethodError'{0x00000000c5e7e328}: 'java.lang.Object java.lang.invoke.DelegatingMethodHandle$Holder.reinvoke_L(java.lang.Object, long, java.lang.Object, java.lang.Object, java.lang.Object, java.lang.Object, int, int, java.lang.Object, java.lang.Object, java.lang.Object)'> (0x00000000c5e7e328) 
thrown [s\src\hotspot\share\interpreter\linkResolver.cpp, line 759]
Event: 4654.117 Thread 0x0000026e6a61d240 Exception <a 'java/lang/NoSuchMethodError'{0x00000000c5ee97c0}: 'java.lang.Object java.lang.invoke.DirectMethodHandle$Holder.invokeSpecial(java.lang.Object, java.lang.Object, int, java.lang.Object, java.lang.Object, java.lang.Object, java.lang.Object)'> (0x00000000c5ee97c0) 
thrown [s\src\hotspot\share\interpreter\linkResolver.cpp, line 759]
Event: 4654.117 Thread 0x0000026e6a61d240 Exception <a 'java/lang/NoSuchMethodError'{0x00000000c5d007c0}: 'java.lang.Object java.lang.invoke.DirectMethodHandle$Holder.newInvokeSpecial(java.lang.Object, java.lang.Object, int, java.lang.Object, java.lang.Object, java.lang.Object)'> (0x00000000c5d007c0) 
thrown [s\src\hotspot\share\interpreter\linkResolver.cpp, line 759]
Event: 4654.117 Thread 0x0000026e6a61d240 Exception <a 'java/lang/NoSuchMethodError'{0x00000000c5d04ac8}: 'java.lang.Object java.lang.invoke.DirectMethodHandle$Holder.invokeSpecial(java.lang.Object, java.lang.Object, java.lang.Object, int, java.lang.Object, java.lang.Object, java.lang.Object)'> (0x00000000c5d04ac8) 
thrown [s\src\hotspot\share\interpreter\linkResolver.cpp, line 759]
Event: 4654.117 Thread 0x0000026e6a61d240 Exception <a 'java/lang/NoSuchMethodError'{0x00000000c5d086a0}: 'java.lang.Object java.lang.invoke.Invokers$Holder.linkToTargetMethod(java.lang.Object, int, java.lang.Object, java.lang.Object, java.lang.Object, java.lang.Object)'> (0x00000000c5d086a0) 
thrown [s\src\hotspot\share\interpreter\linkResolver.cpp, line 759]
Event: 4654.142 Thread 0x0000026e6b5f9540 Exception <a 'sun/nio/fs/WindowsException'{0x00000000c5d31cf0}> (0x00000000c5d31cf0) 
thrown [s\src\hotspot\share\prims\jni.cpp, line 516]
Event: 4654.195 Thread 0x0000026e6b5f9540 Exception <a 'java/net/ConnectException'{0x00000000c5d761e0}: Connection refused: connect> (0x00000000c5d761e0) 
thrown [s\src\hotspot\share\prims\jni.cpp, line 535]
Event: 4654.195 Thread 0x0000026e6b5f9540 Exception <a 'java/net/SocketException'{0x00000000c5d76518}: Socket is not connected: shutdown> (0x00000000c5d76518) 
thrown [s\src\hotspot\share\prims\jni.cpp, line 535]
Event: 4657.214 Thread 0x0000026e6b5f9540 Exception <a 'java/net/ConnectException'{0x00000000c5d8d1f8}: Connection refused: connect> (0x00000000c5d8d1f8) 
thrown [s\src\hotspot\share\prims\jni.cpp, line 535]
Event: 4657.214 Thread 0x0000026e6b5f9540 Exception <a 'java/net/SocketException'{0x00000000c5d8d530}: Socket is not connected: shutdown> (0x00000000c5d8d530) 
thrown [s\src\hotspot\share\prims\jni.cpp, line 535]
Event: 4658.197 Thread 0x0000026e6a61d240 Exception <a 'java/lang/NoSuchMethodError'{0x00000000c5dbe0b0}: 'java.lang.Object java.lang.invoke.DirectMethodHandle$Holder.newInvokeSpecial(java.lang.Object, java.lang.Object, java.lang.Object, java.lang.Object, java.lang.Object, int, java.lang.Object)'> (0x00000000c5dbe0b0) 
thrown [s\src\hotspot\share\interpreter\linkResolver.cpp, line 759]
Event: 4660.228 Thread 0x0000026e6b5f9540 Exception <a 'java/net/ConnectException'{0x00000000c5df04f8}: Connection refused: connect> (0x00000000c5df04f8) 
thrown [s\src\hotspot\share\prims\jni.cpp, line 535]
Event: 4660.228 Thread 0x0000026e6b5f9540 Exception <a 'java/net/SocketException'{0x00000000c5df0830}: Socket is not connected: shutdown> (0x00000000c5df0830) 
thrown [s\src\hotspot\share\prims\jni.cpp, line 535]
Event: 6773.233 Thread 0x0000026e6a1886a0 Exception <a 'java/net/ConnectException'{0x00000000c636b320}: Connection refused: connect> (0x00000000c636b320) 
thrown [s\src\hotspot\share\prims\jni.cpp, line 535]
Event: 6773.234 Thread 0x0000026e6a1886a0 Exception <a 'java/net/SocketException'{0x00000000c636b658}: Socket is not connected: shutdown> (0x00000000c636b658) 
thrown [s\src\hotspot\share\prims\jni.cpp, line 535]
Event: 6776.252 Thread 0x0000026e6a1895d0 Exception <a 'java/net/ConnectException'{0x00000000c639be30}: Connection refused: connect> (0x00000000c639be30) 
thrown [s\src\hotspot\share\prims\jni.cpp, line 535]
Event: 6776.252 Thread 0x0000026e6a1895d0 Exception <a 'java/net/SocketException'{0x00000000c639c168}: Socket is not connected: shutdown> (0x00000000c639c168) 
thrown [s\src\hotspot\share\prims\jni.cpp, line 535]
Event: 6779.269 Thread 0x0000026e6a18e1c0 Exception <a 'java/net/ConnectException'{0x00000000c63ea500}: Connection refused: connect> (0x00000000c63ea500) 
thrown [s\src\hotspot\share\prims\jni.cpp, line 535]
Event: 6779.269 Thread 0x0000026e6a18e1c0 Exception <a 'java/net/SocketException'{0x00000000c63ea838}: Socket is not connected: shutdown> (0x00000000c63ea838) 
thrown [s\src\hotspot\share\prims\jni.cpp, line 535]

VM Operations (20 events):
Event: 10715.739 Executing VM operation: G1CollectFull done
Event: 10726.127 Executing VM operation: G1CollectFull
Event: 10726.198 Executing VM operation: G1CollectFull done
Event: 10736.787 Executing VM operation: G1CollectFull
Event: 10736.856 Executing VM operation: G1CollectFull done
Event: 10747.247 Executing VM operation: G1CollectFull
Event: 10747.310 Executing VM operation: G1CollectFull done
Event: 10757.522 Executing VM operation: G1CollectFull
Event: 10757.555 Executing VM operation: G1CollectFull done
Event: 10767.762 Executing VM operation: G1CollectFull
Event: 10767.781 Executing VM operation: G1CollectFull done
Event: 10777.991 Executing VM operation: G1CollectFull
Event: 10778.024 Executing VM operation: G1CollectFull done
Event: 10788.282 Executing VM operation: G1CollectFull
Event: 10788.306 Executing VM operation: G1CollectFull done
Event: 10798.589 Executing VM operation: G1CollectFull
Event: 10798.618 Executing VM operation: G1CollectFull done
Event: 10809.026 Executing VM operation: G1CollectFull
Event: 10809.062 Executing VM operation: G1CollectFull done
Event: 10819.252 Executing VM operation: G1CollectFull

Events (20 events):
Event: 6761.506 Thread 0x0000026e6a18aa10 Thread added: 0x0000026e6a18aa10
Event: 6761.511 Thread 0x0000026e6a18c870 Thread added: 0x0000026e6a18c870
Event: 6769.541 Thread 0x0000026e6a18d7a0 Thread added: 0x0000026e6a18d7a0
Event: 6773.205 Thread 0x0000026e6a1886a0 Thread added: 0x0000026e6a1886a0
Event: 6776.250 Thread 0x0000026e6a1895d0 Thread added: 0x0000026e6a1895d0
Event: 6776.589 Thread 0x0000026e6a18fb10 Thread added: 0x0000026e6a18fb10
Event: 6779.265 Thread 0x0000026e6a18e1c0 Thread added: 0x0000026e6a18e1c0
Event: 6821.538 Thread 0x0000026e6a18aa10 Thread exited: 0x0000026e6a18aa10
Event: 6821.539 Thread 0x0000026e6b5f5880 Thread exited: 0x0000026e6b5f5880
Event: 6824.759 Thread 0x0000026e6b5fa980 Thread exited: 0x0000026e6b5fa980
Event: 6829.553 Thread 0x0000026e6a18d7a0 Thread exited: 0x0000026e6a18d7a0
Event: 6832.174 Thread 0x0000026e6a18c870 Thread exited: 0x0000026e6a18c870
Event: 6832.493 Thread 0x0000026e6b5f4440 Thread exited: 0x0000026e6b5f4440
Event: 6836.592 Thread 0x0000026e6b5f8b20 Thread exited: 0x0000026e6b5f8b20
Event: 6896.601 Thread 0x0000026e6a18cd80 Thread exited: 0x0000026e6a18cd80
Event: 6956.628 Thread 0x0000026e6a18dcb0 Thread exited: 0x0000026e6a18dcb0
Event: 7016.628 Thread 0x0000026e6a18d290 Thread exited: 0x0000026e6a18d290
Event: 7076.638 Thread 0x0000026e6a18a500 Thread exited: 0x0000026e6a18a500
Event: 7136.647 Thread 0x0000026e6b5f4950 Thread exited: 0x0000026e6b5f4950
Event: 7196.658 Thread 0x0000026e6b5f3f30 Thread exited: 0x0000026e6b5f3f30


Dynamic libraries:
0x00007ff7bfa70000 - 0x00007ff7bfa7e000 	c:\Users\Soulaimane\.vscode\extensions\redhat.java-1.34.0-win32-x64\jre\17.0.12-win32-x86_64\bin\java.exe
0x00007ffbe9830000 - 0x00007ffbe9a47000 	C:\WINDOWS\SYSTEM32\ntdll.dll
0x00007ffbe8960000 - 0x00007ffbe8a24000 	C:\WINDOWS\System32\KERNEL32.DLL
0x00007ffbe6b50000 - 0x00007ffbe6efd000 	C:\WINDOWS\System32\KERNELBASE.dll
0x00007ffbe7190000 - 0x00007ffbe72a1000 	C:\WINDOWS\System32\ucrtbase.dll
0x00007ffbc7d90000 - 0x00007ffbc7da7000 	c:\Users\Soulaimane\.vscode\extensions\redhat.java-1.34.0-win32-x64\jre\17.0.12-win32-x86_64\bin\jli.dll
0x00007ffbe9640000 - 0x00007ffbe97ee000 	C:\WINDOWS\System32\USER32.dll
0x00007ffbe6f00000 - 0x00007ffbe6f26000 	C:\WINDOWS\System32\win32u.dll
0x00007ffbe9020000 - 0x00007ffbe9049000 	C:\WINDOWS\System32\GDI32.dll
0x00007ffbe6fb0000 - 0x00007ffbe70c9000 	C:\WINDOWS\System32\gdi32full.dll
0x00007ffbe72b0000 - 0x00007ffbe734a000 	C:\WINDOWS\System32\msvcp_win.dll
0x00007ffbccf10000 - 0x00007ffbccf2b000 	c:\Users\Soulaimane\.vscode\extensions\redhat.java-1.34.0-win32-x64\jre\17.0.12-win32-x86_64\bin\VCRUNTIME140.dll
0x00007ffbbd3b0000 - 0x00007ffbbd643000 	C:\WINDOWS\WinSxS\amd64_microsoft.windows.common-controls_6595b64144ccf1df_6.0.22621.3672_none_2713b9d173822955\COMCTL32.dll
0x00007ffbe8540000 - 0x00007ffbe85e7000 	C:\WINDOWS\System32\msvcrt.dll
0x00007ffbe86e0000 - 0x00007ffbe8711000 	C:\WINDOWS\System32\IMM32.DLL
0x00007ffbd7980000 - 0x00007ffbd798c000 	c:\Users\Soulaimane\.vscode\extensions\redhat.java-1.34.0-win32-x64\jre\17.0.12-win32-x86_64\bin\vcruntime140_1.dll
0x00007ffbbc450000 - 0x00007ffbbc4dd000 	c:\Users\Soulaimane\.vscode\extensions\redhat.java-1.34.0-win32-x64\jre\17.0.12-win32-x86_64\bin\msvcp140.dll
0x00007ffb82440000 - 0x00007ffb830aa000 	c:\Users\Soulaimane\.vscode\extensions\redhat.java-1.34.0-win32-x64\jre\17.0.12-win32-x86_64\bin\server\jvm.dll
0x00007ffbe8f60000 - 0x00007ffbe9012000 	C:\WINDOWS\System32\ADVAPI32.dll
0x00007ffbe9060000 - 0x00007ffbe9109000 	C:\WINDOWS\System32\sechost.dll
0x00007ffbe73c0000 - 0x00007ffbe73e8000 	C:\WINDOWS\System32\bcrypt.dll
0x00007ffbe9110000 - 0x00007ffbe9224000 	C:\WINDOWS\System32\RPCRT4.dll
0x00007ffbe8020000 - 0x00007ffbe8091000 	C:\WINDOWS\System32\WS2_32.dll
0x00007ffbe63b0000 - 0x00007ffbe63fd000 	C:\WINDOWS\SYSTEM32\POWRPROF.dll
0x00007ffbe1cd0000 - 0x00007ffbe1d04000 	C:\WINDOWS\SYSTEM32\WINMM.dll
0x00007ffbdcc50000 - 0x00007ffbdcc5a000 	C:\WINDOWS\SYSTEM32\VERSION.dll
0x00007ffbe6390000 - 0x00007ffbe63a3000 	C:\WINDOWS\SYSTEM32\UMPDC.dll
0x00007ffbe5b60000 - 0x00007ffbe5b78000 	C:\WINDOWS\SYSTEM32\kernel.appcore.dll
0x00007ffbca550000 - 0x00007ffbca55a000 	c:\Users\Soulaimane\.vscode\extensions\redhat.java-1.34.0-win32-x64\jre\17.0.12-win32-x86_64\bin\jimage.dll
0x00007ffbe4490000 - 0x00007ffbe46c2000 	C:\WINDOWS\SYSTEM32\DBGHELP.DLL
0x00007ffbe81a0000 - 0x00007ffbe852e000 	C:\WINDOWS\System32\combase.dll
0x00007ffbe9390000 - 0x00007ffbe9467000 	C:\WINDOWS\System32\OLEAUT32.dll
0x00007ffbdaac0000 - 0x00007ffbdaaf2000 	C:\WINDOWS\SYSTEM32\dbgcore.DLL
0x00007ffbe6f30000 - 0x00007ffbe6fab000 	C:\WINDOWS\System32\bcryptPrimitives.dll
0x00007ffbc5620000 - 0x00007ffbc5645000 	c:\Users\Soulaimane\.vscode\extensions\redhat.java-1.34.0-win32-x64\jre\17.0.12-win32-x86_64\bin\java.dll
0x00007ffbc2520000 - 0x00007ffbc2538000 	c:\Users\Soulaimane\.vscode\extensions\redhat.java-1.34.0-win32-x64\jre\17.0.12-win32-x86_64\bin\zip.dll
0x00007ffbe7770000 - 0x00007ffbe7fd7000 	C:\WINDOWS\System32\SHELL32.dll
0x00007ffbe4a80000 - 0x00007ffbe537f000 	C:\WINDOWS\SYSTEM32\windows.storage.dll
0x00007ffbe4940000 - 0x00007ffbe4a7f000 	C:\WINDOWS\SYSTEM32\wintypes.dll
0x00007ffbe80a0000 - 0x00007ffbe8199000 	C:\WINDOWS\System32\SHCORE.dll
0x00007ffbe8600000 - 0x00007ffbe865e000 	C:\WINDOWS\System32\shlwapi.dll
0x00007ffbe6a80000 - 0x00007ffbe6aa7000 	C:\WINDOWS\SYSTEM32\profapi.dll
0x00007ffbc20b0000 - 0x00007ffbc20c9000 	C:\Users\Soulaimane\.vscode\extensions\redhat.java-1.34.0-win32-x64\jre\17.0.12-win32-x86_64\bin\net.dll
0x00007ffbe2f00000 - 0x00007ffbe3036000 	C:\WINDOWS\SYSTEM32\WINHTTP.dll
0x00007ffbe5fd0000 - 0x00007ffbe6039000 	C:\WINDOWS\system32\mswsock.dll
0x00007ffbc2090000 - 0x00007ffbc20a6000 	C:\Users\Soulaimane\.vscode\extensions\redhat.java-1.34.0-win32-x64\jre\17.0.12-win32-x86_64\bin\nio.dll
0x00007ffbc66f0000 - 0x00007ffbc6700000 	c:\Users\Soulaimane\.vscode\extensions\redhat.java-1.34.0-win32-x64\jre\17.0.12-win32-x86_64\bin\verify.dll
0x00007ffbe61f0000 - 0x00007ffbe620b000 	C:\WINDOWS\SYSTEM32\CRYPTSP.dll
0x00007ffbe5ac0000 - 0x00007ffbe5af5000 	C:\WINDOWS\system32\rsaenh.dll
0x00007ffbe6090000 - 0x00007ffbe60b8000 	C:\WINDOWS\SYSTEM32\USERENV.dll
0x00007ffbe6210000 - 0x00007ffbe621c000 	C:\WINDOWS\SYSTEM32\CRYPTBASE.dll
0x00007ffbe55d0000 - 0x00007ffbe55fd000 	C:\WINDOWS\SYSTEM32\IPHLPAPI.DLL
0x00007ffbe8530000 - 0x00007ffbe8539000 	C:\WINDOWS\System32\NSI.dll
0x00007ffbe2ba0000 - 0x00007ffbe2bb9000 	C:\WINDOWS\SYSTEM32\dhcpcsvc6.DLL
0x00007ffbe2b80000 - 0x00007ffbe2b9f000 	C:\WINDOWS\SYSTEM32\dhcpcsvc.DLL
0x00007ffbe5600000 - 0x00007ffbe56f8000 	C:\WINDOWS\SYSTEM32\DNSAPI.dll
0x00007ffbbb8b0000 - 0x00007ffbbb8b9000 	C:\Users\Soulaimane\.vscode\extensions\redhat.java-1.34.0-win32-x64\jre\17.0.12-win32-x86_64\bin\management.dll
0x00007ffbbb8a0000 - 0x00007ffbbb8ab000 	C:\Users\Soulaimane\.vscode\extensions\redhat.java-1.34.0-win32-x64\jre\17.0.12-win32-x86_64\bin\management_ext.dll
0x00007ffbe85f0000 - 0x00007ffbe85f8000 	C:\WINDOWS\System32\PSAPI.DLL
0x00007ffbc2210000 - 0x00007ffbc221e000 	C:\Users\Soulaimane\.vscode\extensions\redhat.java-1.34.0-win32-x64\jre\17.0.12-win32-x86_64\bin\sunmscapi.dll
0x00007ffbe73f0000 - 0x00007ffbe7557000 	C:\WINDOWS\System32\CRYPT32.dll
0x00007ffbe64f0000 - 0x00007ffbe651e000 	C:\WINDOWS\SYSTEM32\ncrypt.dll
0x00007ffbe64b0000 - 0x00007ffbe64e7000 	C:\WINDOWS\SYSTEM32\NTASN1.dll
0x00007ffbdfa20000 - 0x00007ffbdfa2a000 	C:\Windows\System32\rasadhlp.dll
0x00007ffbe1b10000 - 0x00007ffbe1b93000 	C:\WINDOWS\System32\fwpuclnt.dll
0x00007ffbc1140000 - 0x00007ffbc1149000 	C:\Users\Soulaimane\.vscode\extensions\redhat.java-1.34.0-win32-x64\jre\17.0.12-win32-x86_64\bin\extnet.dll
0x00007ffbb9300000 - 0x00007ffbb9317000 	C:\WINDOWS\system32\napinsp.dll
0x00007ffbb92c0000 - 0x00007ffbb92db000 	C:\WINDOWS\system32\pnrpnsp.dll
0x00007ffbb9290000 - 0x00007ffbb92b7000 	C:\WINDOWS\system32\nlansp_c.dll
0x00007ffbb9270000 - 0x00007ffbb9281000 	C:\WINDOWS\System32\winrnr.dll
0x00007ffbb9250000 - 0x00007ffbb9265000 	C:\WINDOWS\system32\wshbth.dll

dbghelp: loaded successfully - version: 4.0.5 - missing functions: none
symbol engine: initialized successfully - sym options: 0x614 - pdb path: .;c:\Users\Soulaimane\.vscode\extensions\redhat.java-1.34.0-win32-x64\jre\17.0.12-win32-x86_64\bin;C:\WINDOWS\SYSTEM32;C:\WINDOWS\WinSxS\amd64_microsoft.windows.common-controls_6595b64144ccf1df_6.0.22621.3672_none_2713b9d173822955;c:\Users\Soulaimane\.vscode\extensions\redhat.java-1.34.0-win32-x64\jre\17.0.12-win32-x86_64\bin\server

VM Arguments:
jvm_args: -Xmx1024m -Dsts.lsp.client=vscode -Dsts.log.file=/dev/null -XX:TieredStopAtLevel=1 -Xlog:jni+resolve=off -Dspring.config.location=file:c:\Users\Soulaimane\.vscode\extensions\vmware.vscode-spring-boot-1.56.0\language-server\BOOT-INF\classes\application.properties 
java_command: org.springframework.ide.vscode.boot.app.BootLanguageServerBootApp
java_class_path (initial): c:\Users\Soulaimane\.vscode\extensions\vmware.vscode-spring-boot-1.56.0\language-server\BOOT-INF\classes;c:\Users\Soulaimane\.vscode\extensions\vmware.vscode-spring-boot-1.56.0\language-server\BOOT-INF\lib\annotations-24.1.0.jar;c:\Users\Soulaimane\.vscode\extensions\vmware.vscode-spring-boot-1.56.0\language-server\BOOT-INF\lib\antlr4-runtime-4.13.1.jar;c:\Users\Soulaimane\.vscode\extensions\vmware.vscode-spring-boot-1.56.0\language-server\BOOT-INF\lib\asm-9.7.jar;c:\Users\Soulaimane\.vscode\extensions\vmware.vscode-spring-boot-1.56.0\language-server\BOOT-INF\lib\asm-analysis-9.7.jar;c:\Users\Soulaimane\.vscode\extensions\vmware.vscode-spring-boot-1.56.0\language-server\BOOT-INF\lib\asm-tree-9.7.jar;c:\Users\Soulaimane\.vscode\extensions\vmware.vscode-spring-boot-1.56.0\language-server\BOOT-INF\lib\asm-util-9.7.jar;c:\Users\Soulaimane\.vscode\extensions\vmware.vscode-spring-boot-1.56.0\language-server\BOOT-INF\lib\caffeine-3.1.8.jar;c:\Users\Soulaimane\.vscode\extensions\vmware.vscode-spring-boot-1.56.0\language-server\BOOT-INF\lib\checker-qual-3.12.0.jar;c:\Users\Soulaimane\.vscode\extensions\vmware.vscode-spring-boot-1.56.0\language-server\BOOT-INF\lib\classgraph-4.8.149.jar;c:\Users\Soulaimane\.vscode\extensions\vmware.vscode-spring-boot-1.56.0\language-server\BOOT-INF\lib\commons-codec-1.16.1.jar;c:\Users\Soulaimane\.vscode\extensions\vmware.vscode-spring-boot-1.56.0\language-server\BOOT-INF\lib\commons-compress-1.26.2.jar;c:\Users\Soulaimane\.vscode\extensions\vmware.vscode-spring-boot-1.56.0\language-server\BOOT-INF\lib\commons-io-2.16.1.jar;c:\Users\Soulaimane\.vscode\extensions\vmware.vscode-spring-boot-1.56.0\language-server\BOOT-INF\lib\commons-java-1.56.0-SNAPSHOT.jar;c:\Users\Soulaimane\.vscode\extensions\vmware.vscode-spring-boot-1.56.0\language-server\BOOT-INF\lib\commons-lang3-3.14.0.jar;c:\Users\Soulaimane\.vscode\extensions\vmware.vscode-spring-boot-1.56.0\language-server\BOOT-INF\lib\commons-language-server-1.56.0-SNAPS
Launcher Type: SUN_STANDARD

[Global flags]
     intx CICompilerCount                          = 4                                         {product} {ergonomic}
     uint ConcGCThreads                            = 2                                         {product} {ergonomic}
     uint G1ConcRefinementThreads                  = 8                                         {product} {ergonomic}
   size_t G1HeapRegionSize                         = 1048576                                   {product} {ergonomic}
    uintx GCDrainStackTargetSize                   = 64                                        {product} {ergonomic}
   size_t InitialHeapSize                          = 130023424                                 {product} {ergonomic}
   size_t MarkStackSize                            = 4194304                                   {product} {ergonomic}
   size_t MaxHeapSize                              = 1073741824                                {product} {command line}
   size_t MaxNewSize                               = 643825664                                 {product} {ergonomic}
   size_t MinHeapDeltaBytes                        = 1048576                                   {product} {ergonomic}
   size_t MinHeapSize                              = 8388608                                   {product} {ergonomic}
    uintx NonProfiledCodeHeapSize                  = 0                                      {pd product} {ergonomic}
     bool ProfileInterpreter                       = false                                  {pd product} {command line}
    uintx ProfiledCodeHeapSize                     = 0                                      {pd product} {ergonomic}
   size_t SoftMaxHeapSize                          = 1073741824                             {manageable} {ergonomic}
     intx TieredStopAtLevel                        = 1                                         {product} {command line}
     bool UseCompressedClassPointers               = true                           {product lp64_product} {ergonomic}
     bool UseCompressedOops                        = true                           {product lp64_product} {ergonomic}
     bool UseG1GC                                  = true                                      {product} {ergonomic}
     bool UseLargePagesIndividualAllocation        = false                                  {pd product} {ergonomic}

Logging:
Log output configuration:
 #0: stdout all=warning,jni+resolve=off uptime,level,tags
 #1: stderr all=off uptime,level,tags

Environment Variables:
PATH=C:\Program Files\Java\jdk-22\bin;C:\Program Files\Common Files\Oracle\Java\javapath;C:\windows\system32;C:\windows;C:\windows\System32\Wbem;C:\windows\System32\WindowsPowerShell\v1.0\;C:\windows\System32\OpenSSH\;C:\Program Files (x86)\NVIDIA Corporation\PhysX\Common;C:\Program Files\NVIDIA Corporation\NVIDIA NvDLISR;C:\WINDOWS\system32;C:\WINDOWS;C:\WINDOWS\System32\Wbem;C:\WINDOWS\System32\WindowsPowerShell\v1.0\;C:\WINDOWS\System32\OpenSSH\;C:\Program Files\Git\cmd;C:\Program Files\HP\HP One Agent;C:\Program Files\Mingw\bin;C:\Program Files\Amazon\AWSCLIV2\;C:\Program Files\nodejs\;C:\Program Files\MySQL\MySQL Server 8.0\bin;C:\Program Files (x86)\apache-maven-3.9.8\bin;C:\Program Files\apache-cassandra-4.0.13\bin;;C:\Program Files\Docker\Docker\resources\bin;C:\Users\Soulaimane\AppData\Local\Programs\Python\Python312\Scripts\;C:\Users\Soulaimane\AppData\Local\Programs\Python\Python312\;C:\Users\Soulaimane\AppData\Local\Microsoft\WindowsApps;C:\Users\Soulaimane\AppData\Local\Programs\Microsoft VS Code\bin;C:\Users\Soulaimane\AppData\Roaming\npm
USERNAME=Soulaimane
OS=Windows_NT
PROCESSOR_IDENTIFIER=Intel64 Family 6 Model 140 Stepping 1, GenuineIntel
TMP=C:\Users\SOULAI~1\AppData\Local\Temp
TEMP=C:\Users\SOULAI~1\AppData\Local\Temp



Periodic native trim disabled


---------------  S Y S T E M  ---------------

OS:
 Windows 11 , 64 bit Build 22621 (10.0.22621.3958)
OS uptime: 4 days 18:46 hours
Hyper-V role detected

CPU: total 8 (initial active 8) (4 cores per cpu, 2 threads per core) family 6 model 140 stepping 1 microcode 0xb6, cx8, cmov, fxsr, ht, mmx, 3dnowpref, sse, sse2, sse3, ssse3, sse4.1, sse4.2, popcnt, lzcnt, tsc, tscinvbit, avx, avx2, aes, erms, clmul, bmi1, bmi2, adx, avx512f, avx512dq, avx512cd, avx512bw, avx512vl, sha, fma, vzeroupper, avx512_vpopcntdq, avx512_vpclmulqdq, avx512_vaes, avx512_vnni, clflush, clflushopt, clwb, avx512_vbmi2, avx512_vbmi, hv
Processor Information for processor 0
  Max Mhz: 2419, Current Mhz: 2419, Mhz Limit: 2419
Processor Information for processor 1
  Max Mhz: 2419, Current Mhz: 1209, Mhz Limit: 2419
Processor Information for processor 2
  Max Mhz: 2419, Current Mhz: 2419, Mhz Limit: 2419
Processor Information for processor 3
  Max Mhz: 2419, Current Mhz: 2419, Mhz Limit: 2419
Processor Information for processor 4
  Max Mhz: 2419, Current Mhz: 2419, Mhz Limit: 2419
Processor Information for processor 5
  Max Mhz: 2419, Current Mhz: 2419, Mhz Limit: 2419
Processor Information for processor 6
  Max Mhz: 2419, Current Mhz: 2419, Mhz Limit: 2419
Processor Information for processor 7
  Max Mhz: 2419, Current Mhz: 2419, Mhz Limit: 2419

Memory: 4k page, system-wide physical 7932M (568M free)
TotalPageFile size 23032M (AvailPageFile size 9M)
current process WorkingSet (physical memory assigned to process): 73M, peak: 267M
current process commit charge ("private bytes"): 317M, peak: 327M

vm_info: OpenJDK 64-Bit Server VM (17.0.12+7) for windows-amd64 JRE (17.0.12+7), built on Jul 16 2024 22:08:24 by "admin" with MS VC++ 16.10 / 16.11 (VS2019)

END.
