#
# There is insufficient memory for the Java Runtime Environment to continue.
# Native memory allocation (mmap) failed to map 38797312 bytes. Error detail: G1 virtual space
# Possible reasons:
#   The system is out of physical RAM or swap space
#   This process is running with CompressedOops enabled, and the Java Heap may be blocking the growth of the native heap
# Possible solutions:
#   Reduce memory load on the system
#   Increase physical memory or swap space
#   Check if swap backing store is full
#   Decrease Java heap size (-Xmx/-Xms)
#   Decrease number of Java threads
#   Decrease Java thread stack sizes (-Xss)
#   Set larger code cache with -XX:ReservedCodeCacheSize=
#   JVM is running with Unscaled Compressed Oops mode in which the Java heap is
#     placed in the first 4GB address space. The Java Heap base address is the
#     maximum limit for the native heap growth. Please use -XX:HeapBaseMinAddress
#     to set the Java Heap base and to place the Java Heap above 4GB virtual address.
# This output file may be truncated or incomplete.
#
#  Out of Memory Error (os_windows.cpp:3613), pid=19092, tid=35812
#
# JRE version: OpenJDK Runtime Environment Temurin-17.0.12+7 (17.0.12+7) (build 17.0.12+7)
# Java VM: OpenJDK 64-Bit Server VM Temurin-17.0.12+7 (17.0.12+7, mixed mode, emulated-client, tiered, compressed oops, compressed class ptrs, g1 gc, windows-amd64)
# No core dump will be written. Minidumps are not enabled by default on client versions of Windows
#

---------------  S U M M A R Y ------------

Command Line: -Xmx1024m -Dsts.lsp.client=vscode -Dsts.log.file=/dev/null -XX:TieredStopAtLevel=1 -Xlog:jni+resolve=off -Dspring.config.location=file:c:\Users\Soulaimane\.vscode\extensions\vmware.vscode-spring-boot-1.56.0\language-server\BOOT-INF\classes\application.properties org.springframework.ide.vscode.boot.app.BootLanguageServerBootApp

Host: 11th Gen Intel(R) Core(TM) i5-1135G7 @ 2.40GHz, 8 cores, 7G,  Windows 11 , 64 bit Build 22621 (10.0.22621.3958)
Time: Sun Sep  8 18:35:51 2024 Maroc (heure d64 bit Build 22621 (10.0.22621.3958) elapsed time: 2.199450 seconds (0d 0h 0m 2s)

---------------  T H R E A D  ---------------

Current thread (0x000001d298d5b9b0):  VMThread "VM Thread" [stack: 0x000000403c300000,0x000000403c400000] [id=35812]

Stack: [0x000000403c300000,0x000000403c400000]
Native frames: (J=compiled Java code, j=interpreted, Vv=VM code, C=native code)
V  [jvm.dll+0x67f929]
V  [jvm.dll+0x8371ba]
V  [jvm.dll+0x838c7e]
V  [jvm.dll+0x8392e3]
V  [jvm.dll+0x24834f]
V  [jvm.dll+0x67c6e9]
V  [jvm.dll+0x6711aa]
V  [jvm.dll+0x307f7b]
V  [jvm.dll+0x30f476]
V  [jvm.dll+0x35f63e]
V  [jvm.dll+0x35f87f]
V  [jvm.dll+0x2def9c]
V  [jvm.dll+0x2dd35f]
V  [jvm.dll+0x2dca8c]
V  [jvm.dll+0x33011c]
V  [jvm.dll+0x83d7dd]
V  [jvm.dll+0x83e522]
V  [jvm.dll+0x83ea4f]
V  [jvm.dll+0x83ee34]
V  [jvm.dll+0x83ef00]
V  [jvm.dll+0x7e65dc]
V  [jvm.dll+0x67e7f7]
C  [ucrtbase.dll+0x29333]
C  [KERNEL32.DLL+0x1257d]
C  [ntdll.dll+0x5af28]

VM_Operation (0x000000403bdfb500): CollectForMetadataAllocation, mode: safepoint, requested by thread 0x000001d28df24020


---------------  P R O C E S S  ---------------

Threads class SMR info:
_java_thread_list=0x000001d29e207ab0, length=14, elements={
0x000001d28df24020, 0x000001d298d60d20, 0x000001d298d66090, 0x000001d298d97a30,
0x000001d298d9a310, 0x000001d298d9abe0, 0x000001d298d9d4c0, 0x000001d298d9dd90,
0x000001d29d00c490, 0x000001d29d206420, 0x000001d29d208950, 0x000001d29d21bd00,
0x000001d29d2232c0, 0x000001d29e173460
}

Java Threads: ( => current thread )
  0x000001d28df24020 JavaThread "main" [_thread_blocked, id=39040, stack(0x000000403bd00000,0x000000403be00000)]
  0x000001d298d60d20 JavaThread "Reference Handler" daemon [_thread_blocked, id=39472, stack(0x000000403c400000,0x000000403c500000)]
  0x000001d298d66090 JavaThread "Finalizer" daemon [_thread_blocked, id=24212, stack(0x000000403c500000,0x000000403c600000)]
  0x000001d298d97a30 JavaThread "Signal Dispatcher" daemon [_thread_blocked, id=42392, stack(0x000000403c600000,0x000000403c700000)]
  0x000001d298d9a310 JavaThread "Attach Listener" daemon [_thread_blocked, id=37856, stack(0x000000403c700000,0x000000403c800000)]
  0x000001d298d9abe0 JavaThread "Service Thread" daemon [_thread_blocked, id=36880, stack(0x000000403c800000,0x000000403c900000)]
  0x000001d298d9d4c0 JavaThread "Monitor Deflation Thread" daemon [_thread_blocked, id=41156, stack(0x000000403c900000,0x000000403ca00000)]
  0x000001d298d9dd90 JavaThread "C1 CompilerThread0" daemon [_thread_blocked, id=19620, stack(0x000000403ca00000,0x000000403cb00000)]
  0x000001d29d00c490 JavaThread "Sweeper thread" daemon [_thread_blocked, id=40524, stack(0x000000403cb00000,0x000000403cc00000)]
  0x000001d29d206420 JavaThread "C1 CompilerThread1" daemon [_thread_blocked, id=38800, stack(0x000000403cc00000,0x000000403cd00000)]
  0x000001d29d208950 JavaThread "C1 CompilerThread2" daemon [_thread_blocked, id=42584, stack(0x000000403cd00000,0x000000403ce00000)]
  0x000001d29d21bd00 JavaThread "Notification Thread" daemon [_thread_blocked, id=41084, stack(0x000000403ce00000,0x000000403cf00000)]
  0x000001d29d2232c0 JavaThread "Common-Cleaner" daemon [_thread_blocked, id=42428, stack(0x000000403d000000,0x000000403d100000)]
  0x000001d29e173460 JavaThread "C1 CompilerThread3" daemon [_thread_blocked, id=38552, stack(0x000000403d600000,0x000000403d700000)]

Other Threads:
=>0x000001d298d5b9b0 VMThread "VM Thread" [stack: 0x000000403c300000,0x000000403c400000] [id=35812]
  0x000001d29d21c9f0 WatcherThread [stack: 0x000000403cf00000,0x000000403d000000] [id=38564]
  0x000001d28df637b0 GCTaskThread "GC Thread#0" [stack: 0x000000403be00000,0x000000403bf00000] [id=41180]
  0x000001d29dde3ac0 GCTaskThread "GC Thread#1" [stack: 0x000000403d100000,0x000000403d200000] [id=24032]
  0x000001d29de54060 GCTaskThread "GC Thread#2" [stack: 0x000000403d200000,0x000000403d300000] [id=5052]
  0x000001d29de54320 GCTaskThread "GC Thread#3" [stack: 0x000000403d300000,0x000000403d400000] [id=40048]
  0x000001d29e08f4a0 GCTaskThread "GC Thread#4" [stack: 0x000000403d400000,0x000000403d500000] [id=38456]
  0x000001d29e08f760 GCTaskThread "GC Thread#5" [stack: 0x000000403d500000,0x000000403d600000] [id=39144]
  0x000001d29e375ee0 GCTaskThread "GC Thread#6" [stack: 0x000000403d800000,0x000000403d900000] [id=41740]
  0x000001d29e36afe0 GCTaskThread "GC Thread#7" [stack: 0x000000403d900000,0x000000403da00000] [id=22328]
  0x000001d28df6d710 ConcurrentGCThread "G1 Main Marker" [stack: 0x000000403bf00000,0x000000403c000000] [id=40404]
  0x000001d28df6e130 ConcurrentGCThread "G1 Conc#0" [stack: 0x000000403c000000,0x000000403c100000] [id=20420]
  0x000001d29e3769f0 ConcurrentGCThread "G1 Conc#1" [stack: 0x000000403da00000,0x000000403db00000] [id=37044]
  0x000001d28dfc4760 ConcurrentGCThread "G1 Refine#0" [stack: 0x000000403c100000,0x000000403c200000] [id=14688]
  0x000001d298bc2310 ConcurrentGCThread "G1 Service" [stack: 0x000000403c200000,0x000000403c300000] [id=7052]

Threads with active compile tasks:

VM state: at safepoint (normal execution)

VM Mutex/Monitor currently owned by a thread:  ([mutex/lock_event])
[0x000001d28bde2d70] Threads_lock - owner thread: 0x000001d298d5b9b0
[0x000001d28df21850] Heap_lock - owner thread: 0x000001d28df24020

Heap address: 0x00000000c0000000, size: 1024 MB, Compressed Oops mode: 32-bit

CDS archive(s) not mapped
Compressed class space mapped at: 0x0000000100000000-0x0000000140000000, reserved size: 1073741824
Narrow klass base: 0x0000000000000000, Narrow klass shift: 3, Narrow klass range: 0x140000000

GC Precious Log:
 CPUs: 8 total, 8 available
 Memory: 7932M
 Large Page Support: Disabled
 NUMA Support: Disabled
 Compressed Oops: Enabled (32-bit)
 Heap Region Size: 1M
 Heap Min Capacity: 8M
 Heap Initial Capacity: 124M
 Heap Max Capacity: 1G
 Pre-touch: Disabled
 Parallel Workers: 8
 Concurrent Workers: 2
 Concurrent Refinement Workers: 8
 Periodic GC: Disabled

Heap:
 garbage-first heap   total 89088K, used 28291K [0x00000000c0000000, 0x0000000100000000)
  region size 1024K, 4 young (4096K), 4 survivors (4096K)
 Metaspace       used 35793K, committed 36160K, reserved 1114112K
  class space    used 4412K, committed 4608K, reserved 1048576K

Heap Regions: E=young(eden), S=young(survivor), O=old, HS=humongous(starts), HC=humongous(continues), CS=collection set, F=free, OA=open archive, CA=closed archive, TAMS=top-at-mark-start (previous, next)
|   0|0x00000000c0000000, 0x00000000c0100000, 0x00000000c0100000|100%|HS|  |TAMS 0x00000000c0100000, 0x00000000c0100000| Complete 
|   1|0x00000000c0100000, 0x00000000c0200000, 0x00000000c0200000|100%|HC|  |TAMS 0x00000000c0200000, 0x00000000c0200000| Complete 
|   2|0x00000000c0200000, 0x00000000c0300000, 0x00000000c0300000|100%|HC|  |TAMS 0x00000000c0300000, 0x00000000c0300000| Complete 
|   3|0x00000000c0300000, 0x00000000c0400000, 0x00000000c0400000|100%|HC|  |TAMS 0x00000000c0400000, 0x00000000c0400000| Complete 
|   4|0x00000000c0400000, 0x00000000c0500000, 0x00000000c0500000|100%|HS|  |TAMS 0x00000000c0500000, 0x00000000c0500000| Complete 
|   5|0x00000000c0500000, 0x00000000c0600000, 0x00000000c0600000|100%|HC|  |TAMS 0x00000000c0600000, 0x00000000c0600000| Complete 
|   6|0x00000000c0600000, 0x00000000c0700000, 0x00000000c0700000|100%| O|  |TAMS 0x00000000c0700000, 0x00000000c0700000| Untracked 
|   7|0x00000000c0700000, 0x00000000c0800000, 0x00000000c0800000|100%| O|  |TAMS 0x00000000c0800000, 0x00000000c0800000| Untracked 
|   8|0x00000000c0800000, 0x00000000c0900000, 0x00000000c0900000|100%| O|  |TAMS 0x00000000c0900000, 0x00000000c0900000| Untracked 
|   9|0x00000000c0900000, 0x00000000c0a00000, 0x00000000c0a00000|100%| O|  |TAMS 0x00000000c0a00000, 0x00000000c0a00000| Untracked 
|  10|0x00000000c0a00000, 0x00000000c0b00000, 0x00000000c0b00000|100%| O|  |TAMS 0x00000000c0b00000, 0x00000000c0b00000| Untracked 
|  11|0x00000000c0b00000, 0x00000000c0c00000, 0x00000000c0c00000|100%| O|  |TAMS 0x00000000c0c00000, 0x00000000c0c00000| Untracked 
|  12|0x00000000c0c00000, 0x00000000c0d00000, 0x00000000c0d00000|100%| O|  |TAMS 0x00000000c0d00000, 0x00000000c0d00000| Untracked 
|  13|0x00000000c0d00000, 0x00000000c0e00000, 0x00000000c0e00000|100%| O|  |TAMS 0x00000000c0e00000, 0x00000000c0e00000| Untracked 
|  14|0x00000000c0e00000, 0x00000000c0f00000, 0x00000000c0f00000|100%| O|  |TAMS 0x00000000c0f00000, 0x00000000c0f00000| Untracked 
|  15|0x00000000c0f00000, 0x00000000c0f00000, 0x00000000c1000000|  0%| F|  |TAMS 0x00000000c0f00000, 0x00000000c0f00000| Untracked 
|  16|0x00000000c1000000, 0x00000000c1100000, 0x00000000c1100000|100%| O|  |TAMS 0x00000000c1000000, 0x00000000c1100000| Untracked 
|  17|0x00000000c1100000, 0x00000000c1200000, 0x00000000c1200000|100%| O|  |TAMS 0x00000000c1100000, 0x00000000c1200000| Untracked 
|  18|0x00000000c1200000, 0x00000000c1300000, 0x00000000c1300000|100%| O|  |TAMS 0x00000000c1200000, 0x00000000c1300000| Untracked 
|  19|0x00000000c1300000, 0x00000000c1400000, 0x00000000c1400000|100%| O|  |TAMS 0x00000000c1300000, 0x00000000c1400000| Untracked 
|  20|0x00000000c1400000, 0x00000000c1500000, 0x00000000c1500000|100%| O|  |TAMS 0x00000000c1400000, 0x00000000c1500000| Untracked 
|  21|0x00000000c1500000, 0x00000000c1600000, 0x00000000c1600000|100%| O|  |TAMS 0x00000000c1500000, 0x00000000c1600000| Untracked 
|  22|0x00000000c1600000, 0x00000000c1700000, 0x00000000c1700000|100%| O|  |TAMS 0x00000000c1600000, 0x00000000c1700000| Untracked 
|  23|0x00000000c1700000, 0x00000000c1800000, 0x00000000c1800000|100%| O|  |TAMS 0x00000000c1700000, 0x00000000c17b3c00| Untracked 
|  24|0x00000000c1800000, 0x00000000c1800000, 0x00000000c1900000|  0%| F|  |TAMS 0x00000000c1800000, 0x00000000c1800000| Untracked 
|  25|0x00000000c1900000, 0x00000000c19a0e00, 0x00000000c1a00000| 62%| O|  |TAMS 0x00000000c1900000, 0x00000000c1900000| Untracked 
|  26|0x00000000c1a00000, 0x00000000c1a00000, 0x00000000c1b00000|  0%| F|  |TAMS 0x00000000c1a00000, 0x00000000c1a00000| Untracked 
|  27|0x00000000c1b00000, 0x00000000c1b00000, 0x00000000c1c00000|  0%| F|  |TAMS 0x00000000c1b00000, 0x00000000c1b00000| Untracked 
|  28|0x00000000c1c00000, 0x00000000c1c00000, 0x00000000c1d00000|  0%| F|  |TAMS 0x00000000c1c00000, 0x00000000c1c00000| Untracked 
|  29|0x00000000c1d00000, 0x00000000c1d00000, 0x00000000c1e00000|  0%| F|  |TAMS 0x00000000c1d00000, 0x00000000c1d00000| Untracked 
|  30|0x00000000c1e00000, 0x00000000c1e00000, 0x00000000c1f00000|  0%| F|  |TAMS 0x00000000c1e00000, 0x00000000c1e00000| Untracked 
|  31|0x00000000c1f00000, 0x00000000c1f00000, 0x00000000c2000000|  0%| F|  |TAMS 0x00000000c1f00000, 0x00000000c1f00000| Untracked 
|  32|0x00000000c2000000, 0x00000000c2000000, 0x00000000c2100000|  0%| F|  |TAMS 0x00000000c2000000, 0x00000000c2000000| Untracked 
|  33|0x00000000c2100000, 0x00000000c2100000, 0x00000000c2200000|  0%| F|  |TAMS 0x00000000c2100000, 0x00000000c2100000| Untracked 
|  34|0x00000000c2200000, 0x00000000c2200000, 0x00000000c2300000|  0%| F|  |TAMS 0x00000000c2200000, 0x00000000c2200000| Untracked 
|  35|0x00000000c2300000, 0x00000000c2300000, 0x00000000c2400000|  0%| F|  |TAMS 0x00000000c2300000, 0x00000000c2300000| Untracked 
|  36|0x00000000c2400000, 0x00000000c2400000, 0x00000000c2500000|  0%| F|  |TAMS 0x00000000c2400000, 0x00000000c2400000| Untracked 
|  37|0x00000000c2500000, 0x00000000c2500000, 0x00000000c2600000|  0%| F|  |TAMS 0x00000000c2500000, 0x00000000c2500000| Untracked 
|  38|0x00000000c2600000, 0x00000000c2600000, 0x00000000c2700000|  0%| F|  |TAMS 0x00000000c2600000, 0x00000000c2600000| Untracked 
|  39|0x00000000c2700000, 0x00000000c2700000, 0x00000000c2800000|  0%| F|  |TAMS 0x00000000c2700000, 0x00000000c2700000| Untracked 
|  40|0x00000000c2800000, 0x00000000c2800000, 0x00000000c2900000|  0%| F|  |TAMS 0x00000000c2800000, 0x00000000c2800000| Untracked 
|  41|0x00000000c2900000, 0x00000000c2900000, 0x00000000c2a00000|  0%| F|  |TAMS 0x00000000c2900000, 0x00000000c2900000| Untracked 
|  42|0x00000000c2a00000, 0x00000000c2b00000, 0x00000000c2b00000|100%| S|CS|TAMS 0x00000000c2a00000, 0x00000000c2a00000| Complete 
|  43|0x00000000c2b00000, 0x00000000c2c00000, 0x00000000c2c00000|100%| S|CS|TAMS 0x00000000c2b00000, 0x00000000c2b00000| Complete 
|  44|0x00000000c2c00000, 0x00000000c2d00000, 0x00000000c2d00000|100%| S|CS|TAMS 0x00000000c2c00000, 0x00000000c2c00000| Complete 
|  45|0x00000000c2d00000, 0x00000000c2d00000, 0x00000000c2e00000|  0%| F|  |TAMS 0x00000000c2d00000, 0x00000000c2d00000| Untracked 
|  46|0x00000000c2e00000, 0x00000000c2e00000, 0x00000000c2f00000|  0%| F|  |TAMS 0x00000000c2e00000, 0x00000000c2e00000| Untracked 
|  47|0x00000000c2f00000, 0x00000000c3000000, 0x00000000c3000000|100%| S|CS|TAMS 0x00000000c2f00000, 0x00000000c2f00000| Complete 
|  48|0x00000000c3000000, 0x00000000c3000000, 0x00000000c3100000|  0%| F|  |TAMS 0x00000000c3000000, 0x00000000c3000000| Untracked 
|  49|0x00000000c3100000, 0x00000000c3100000, 0x00000000c3200000|  0%| F|  |TAMS 0x00000000c3100000, 0x00000000c3100000| Untracked 
|  50|0x00000000c3200000, 0x00000000c3200000, 0x00000000c3300000|  0%| F|  |TAMS 0x00000000c3200000, 0x00000000c3200000| Untracked 
|  51|0x00000000c3300000, 0x00000000c3300000, 0x00000000c3400000|  0%| F|  |TAMS 0x00000000c3300000, 0x00000000c3300000| Untracked 
|  52|0x00000000c3400000, 0x00000000c3400000, 0x00000000c3500000|  0%| F|  |TAMS 0x00000000c3400000, 0x00000000c3400000| Untracked 
|  53|0x00000000c3500000, 0x00000000c3500000, 0x00000000c3600000|  0%| F|  |TAMS 0x00000000c3500000, 0x00000000c3500000| Untracked 
|  54|0x00000000c3600000, 0x00000000c3600000, 0x00000000c3700000|  0%| F|  |TAMS 0x00000000c3600000, 0x00000000c3600000| Untracked 
|  55|0x00000000c3700000, 0x00000000c3700000, 0x00000000c3800000|  0%| F|  |TAMS 0x00000000c3700000, 0x00000000c3700000| Untracked 
|  56|0x00000000c3800000, 0x00000000c3800000, 0x00000000c3900000|  0%| F|  |TAMS 0x00000000c3800000, 0x00000000c3800000| Untracked 
|  57|0x00000000c3900000, 0x00000000c3900000, 0x00000000c3a00000|  0%| F|  |TAMS 0x00000000c3900000, 0x00000000c3900000| Untracked 
|  58|0x00000000c3a00000, 0x00000000c3a00000, 0x00000000c3b00000|  0%| F|  |TAMS 0x00000000c3a00000, 0x00000000c3a00000| Untracked 
|  59|0x00000000c3b00000, 0x00000000c3b00000, 0x00000000c3c00000|  0%| F|  |TAMS 0x00000000c3b00000, 0x00000000c3b00000| Untracked 
|  60|0x00000000c3c00000, 0x00000000c3c00000, 0x00000000c3d00000|  0%| F|  |TAMS 0x00000000c3c00000, 0x00000000c3c00000| Untracked 
|  61|0x00000000c3d00000, 0x00000000c3d00000, 0x00000000c3e00000|  0%| F|  |TAMS 0x00000000c3d00000, 0x00000000c3d00000| Untracked 
|  62|0x00000000c3e00000, 0x00000000c3e00000, 0x00000000c3f00000|  0%| F|  |TAMS 0x00000000c3e00000, 0x00000000c3e00000| Untracked 
|  63|0x00000000c3f00000, 0x00000000c3f00000, 0x00000000c4000000|  0%| F|  |TAMS 0x00000000c3f00000, 0x00000000c3f00000| Untracked 
|  64|0x00000000c4000000, 0x00000000c4000000, 0x00000000c4100000|  0%| F|  |TAMS 0x00000000c4000000, 0x00000000c4000000| Untracked 
|  65|0x00000000c4100000, 0x00000000c4100000, 0x00000000c4200000|  0%| F|  |TAMS 0x00000000c4100000, 0x00000000c4100000| Untracked 
|  66|0x00000000c4200000, 0x00000000c4200000, 0x00000000c4300000|  0%| F|  |TAMS 0x00000000c4200000, 0x00000000c4200000| Untracked 
|  67|0x00000000c4300000, 0x00000000c4300000, 0x00000000c4400000|  0%| F|  |TAMS 0x00000000c4300000, 0x00000000c4300000| Untracked 
|  68|0x00000000c4400000, 0x00000000c4400000, 0x00000000c4500000|  0%| F|  |TAMS 0x00000000c4400000, 0x00000000c4400000| Untracked 
|  69|0x00000000c4500000, 0x00000000c4500000, 0x00000000c4600000|  0%| F|  |TAMS 0x00000000c4500000, 0x00000000c4500000| Untracked 
|  70|0x00000000c4600000, 0x00000000c4600000, 0x00000000c4700000|  0%| F|  |TAMS 0x00000000c4600000, 0x00000000c4600000| Untracked 
|  71|0x00000000c4700000, 0x00000000c4700000, 0x00000000c4800000|  0%| F|  |TAMS 0x00000000c4700000, 0x00000000c4700000| Untracked 
|  72|0x00000000c4800000, 0x00000000c4800000, 0x00000000c4900000|  0%| F|  |TAMS 0x00000000c4800000, 0x00000000c4800000| Untracked 
|  73|0x00000000c4900000, 0x00000000c4900000, 0x00000000c4a00000|  0%| F|  |TAMS 0x00000000c4900000, 0x00000000c4900000| Untracked 
|  74|0x00000000c4a00000, 0x00000000c4a00000, 0x00000000c4b00000|  0%| F|  |TAMS 0x00000000c4a00000, 0x00000000c4a00000| Untracked 
|  75|0x00000000c4b00000, 0x00000000c4b00000, 0x00000000c4c00000|  0%| F|  |TAMS 0x00000000c4b00000, 0x00000000c4b00000| Untracked 
|  76|0x00000000c4c00000, 0x00000000c4c00000, 0x00000000c4d00000|  0%| F|  |TAMS 0x00000000c4c00000, 0x00000000c4c00000| Untracked 
|  77|0x00000000c4d00000, 0x00000000c4d00000, 0x00000000c4e00000|  0%| F|  |TAMS 0x00000000c4d00000, 0x00000000c4d00000| Untracked 
|  78|0x00000000c4e00000, 0x00000000c4e00000, 0x00000000c4f00000|  0%| F|  |TAMS 0x00000000c4e00000, 0x00000000c4e00000| Untracked 
|  79|0x00000000c4f00000, 0x00000000c4f00000, 0x00000000c5000000|  0%| F|  |TAMS 0x00000000c4f00000, 0x00000000c4f00000| Untracked 
|  80|0x00000000c5000000, 0x00000000c5000000, 0x00000000c5100000|  0%| F|  |TAMS 0x00000000c5000000, 0x00000000c5000000| Untracked 
|  81|0x00000000c5100000, 0x00000000c5100000, 0x00000000c5200000|  0%| F|  |TAMS 0x00000000c5100000, 0x00000000c5100000| Untracked 
|  82|0x00000000c5200000, 0x00000000c5200000, 0x00000000c5300000|  0%| F|  |TAMS 0x00000000c5200000, 0x00000000c5200000| Untracked 
|  83|0x00000000c5300000, 0x00000000c5300000, 0x00000000c5400000|  0%| F|  |TAMS 0x00000000c5300000, 0x00000000c5300000| Untracked 
|  84|0x00000000c5400000, 0x00000000c5400000, 0x00000000c5500000|  0%| F|  |TAMS 0x00000000c5400000, 0x00000000c5400000| Untracked 
|  85|0x00000000c5500000, 0x00000000c5500000, 0x00000000c5600000|  0%| F|  |TAMS 0x00000000c5500000, 0x00000000c5500000| Untracked 
| 123|0x00000000c7b00000, 0x00000000c7b00000, 0x00000000c7c00000|  0%| F|  |TAMS 0x00000000c7b00000, 0x00000000c7b00000| Untracked 

Card table byte_map: [0x000001d293ed0000,0x000001d2940d0000] _byte_map_base: 0x000001d2938d0000

Marking Bits (Prev, Next): (CMBitMap*) 0x000001d28df64e20, (CMBitMap*) 0x000001d28df64de0
 Prev Bits: [0x000001d2952d0000, 0x000001d2962d0000)
 Next Bits: [0x000001d2942d0000, 0x000001d2952d0000)

Polling page: 0x000001d28d6d0000

Metaspace:

Usage:
  Non-class:     30.65 MB used.
      Class:      4.31 MB used.
       Both:     34.96 MB used.

Virtual space:
  Non-class space:       64.00 MB reserved,      30.81 MB ( 48%) committed,  1 nodes.
      Class space:        1.00 GB reserved,       4.50 MB ( <1%) committed,  1 nodes.
             Both:        1.06 GB reserved,      35.31 MB (  3%) committed. 

Chunk freelists:
   Non-Class:  1.00 MB
       Class:  11.41 MB
        Both:  12.41 MB

MaxMetaspaceSize: unlimited
CompressedClassSpaceSize: 1.00 GB
Initial GC threshold: 21.00 MB
Current GC threshold: 35.31 MB
CDS: off
MetaspaceReclaimPolicy: balanced
 - commit_granule_bytes: 65536.
 - commit_granule_words: 8192.
 - virtual_space_node_default_size: 8388608.
 - enlarge_chunks_in_place: 1.
 - new_chunks_are_fully_committed: 0.
 - uncommit_free_chunks: 1.
 - use_allocation_guard: 0.
 - handle_deallocations: 1.


Internal statistics:

num_allocs_failed_limit: 8.
num_arena_births: 434.
num_arena_deaths: 0.
num_vsnodes_births: 2.
num_vsnodes_deaths: 0.
num_space_committed: 564.
num_space_uncommitted: 0.
num_chunks_returned_to_freelist: 8.
num_chunks_taken_from_freelist: 1453.
num_chunk_merges: 8.
num_chunk_splits: 1001.
num_chunks_enlarged: 752.
num_inconsistent_stats: 0.

CodeCache: size=49152Kb used=7845Kb max_used=7845Kb free=41307Kb
 bounds [0x000001d290bb0000, 0x000001d291360000, 0x000001d293bb0000]
 total_blobs=3830 nmethods=3297 adapters=457
 compilation: enabled
              stopped_count=0, restarted_count=0
 full_count=0

Compilation events (20 events):
Event: 2.163 Thread 0x000001d29e173460 3287       1       java.lang.invoke.MemberName::<init> (5 bytes)
Event: 2.163 Thread 0x000001d29d206420 nmethod 3286 0x000001d291355190 code [0x000001d291355320, 0x000001d291355438]
Event: 2.164 Thread 0x000001d29d208950 nmethod 3285 0x000001d291355510 code [0x000001d2913556a0, 0x000001d291355818]
Event: 2.164 Thread 0x000001d29e173460 nmethod 3287 0x000001d291355910 code [0x000001d291355aa0, 0x000001d291355b58]
Event: 2.166 Thread 0x000001d29e173460 3288       1       org.springframework.core.ResolvableType::getNested (121 bytes)
Event: 2.166 Thread 0x000001d29d208950 3289   !   1       jdk.proxy2.$Proxy25::annotationType (29 bytes)
Event: 2.166 Thread 0x000001d29d208950 nmethod 3289 0x000001d291355c10 code [0x000001d291355dc0, 0x000001d291355fd8]
Event: 2.166 Thread 0x000001d29e173460 nmethod 3288 0x000001d291356110 code [0x000001d291356320, 0x000001d291356848]
Event: 2.166 Thread 0x000001d29d206420 3290       1       org.springframework.beans.factory.config.InstantiationAwareBeanPostProcessor::postProcessBeforeInstantiation (2 bytes)
Event: 2.166 Thread 0x000001d29d206420 nmethod 3290 0x000001d291356c10 code [0x000001d291356da0, 0x000001d291356e78]
Event: 2.169 Thread 0x000001d29d208950 3292       1       java.lang.invoke.LambdaForm$NamedFunction::<init> (15 bytes)
Event: 2.169 Thread 0x000001d29d208950 nmethod 3292 0x000001d291357210 code [0x000001d2913573a0, 0x000001d2913574f8]
Event: 2.187 Thread 0x000001d29d206420 3293       1       org.springframework.beans.factory.config.InstantiationAwareBeanPostProcessor::postProcessAfterInstantiation (2 bytes)
Event: 2.188 Thread 0x000001d29e173460 3294       1       org.springframework.beans.factory.config.BeanPostProcessor::postProcessAfterInitialization (2 bytes)
Event: 2.188 Thread 0x000001d29d206420 nmethod 3293 0x000001d291357b90 code [0x000001d291357d20, 0x000001d291357df8]
Event: 2.188 Thread 0x000001d29e173460 nmethod 3294 0x000001d291357e90 code [0x000001d291358020, 0x000001d2913580f8]
Event: 2.189 Thread 0x000001d29d206420 3295       1       java.io.FileInputStream::<init> (107 bytes)
Event: 2.189 Thread 0x000001d29d208950 3296       1       java.io.FileInputStream::open (6 bytes)
Event: 2.189 Thread 0x000001d29d208950 nmethod 3296 0x000001d291358590 code [0x000001d291358720, 0x000001d291358808]
Event: 2.189 Thread 0x000001d29d206420 nmethod 3295 0x000001d291358890 code [0x000001d291358ac0, 0x000001d2913590e8]

GC Heap History (13 events):
Event: 0.405 GC heap before
{Heap before GC invocations=0 (full 0):
 garbage-first heap   total 126976K, used 28672K [0x00000000c0000000, 0x0000000100000000)
  region size 1024K, 23 young (23552K), 0 survivors (0K)
 Metaspace       used 7822K, committed 7936K, reserved 1114112K
  class space    used 834K, committed 896K, reserved 1048576K
}
Event: 0.410 GC heap after
{Heap after GC invocations=1 (full 0):
 garbage-first heap   total 126976K, used 15314K [0x00000000c0000000, 0x0000000100000000)
  region size 1024K, 3 young (3072K), 3 survivors (3072K)
 Metaspace       used 7822K, committed 7936K, reserved 1114112K
  class space    used 834K, committed 896K, reserved 1048576K
}
Event: 0.702 GC heap before
{Heap before GC invocations=1 (full 0):
 garbage-first heap   total 126976K, used 37842K [0x00000000c0000000, 0x0000000100000000)
  region size 1024K, 26 young (26624K), 3 survivors (3072K)
 Metaspace       used 13630K, committed 13824K, reserved 1114112K
  class space    used 1681K, committed 1792K, reserved 1048576K
}
Event: 0.706 GC heap after
{Heap after GC invocations=2 (full 0):
 garbage-first heap   total 126976K, used 17252K [0x00000000c0000000, 0x0000000100000000)
  region size 1024K, 2 young (2048K), 2 survivors (2048K)
 Metaspace       used 13630K, committed 13824K, reserved 1114112K
  class space    used 1681K, committed 1792K, reserved 1048576K
}
Event: 1.010 GC heap before
{Heap before GC invocations=2 (full 0):
 garbage-first heap   total 126976K, used 52068K [0x00000000c0000000, 0x0000000100000000)
  region size 1024K, 38 young (38912K), 2 survivors (2048K)
 Metaspace       used 21287K, committed 21504K, reserved 1114112K
  class space    used 2626K, committed 2752K, reserved 1048576K
}
Event: 1.016 GC heap after
{Heap after GC invocations=3 (full 0):
 garbage-first heap   total 126976K, used 20449K [0x00000000c0000000, 0x0000000100000000)
  region size 1024K, 5 young (5120K), 5 survivors (5120K)
 Metaspace       used 21287K, committed 21504K, reserved 1114112K
  class space    used 2626K, committed 2752K, reserved 1048576K
}
Event: 1.285 GC heap before
{Heap before GC invocations=4 (full 0):
 garbage-first heap   total 75776K, used 56289K [0x00000000c0000000, 0x0000000100000000)
  region size 1024K, 42 young (43008K), 5 survivors (5120K)
 Metaspace       used 27672K, committed 27904K, reserved 1114112K
  class space    used 3463K, committed 3584K, reserved 1048576K
}
Event: 1.291 GC heap after
{Heap after GC invocations=5 (full 0):
 garbage-first heap   total 75776K, used 24210K [0x00000000c0000000, 0x0000000100000000)
  region size 1024K, 7 young (7168K), 7 survivors (7168K)
 Metaspace       used 27672K, committed 27904K, reserved 1114112K
  class space    used 3463K, committed 3584K, reserved 1048576K
}
Event: 1.303 GC heap before
{Heap before GC invocations=5 (full 0):
 garbage-first heap   total 75776K, used 24210K [0x00000000c0000000, 0x0000000100000000)
  region size 1024K, 8 young (8192K), 7 survivors (7168K)
 Metaspace       used 27913K, committed 28160K, reserved 1114112K
  class space    used 3484K, committed 3584K, reserved 1048576K
}
Event: 1.310 GC heap after
{Heap after GC invocations=6 (full 0):
 garbage-first heap   total 75776K, used 24271K [0x00000000c0000000, 0x0000000100000000)
  region size 1024K, 1 young (1024K), 1 survivors (1024K)
 Metaspace       used 27913K, committed 28160K, reserved 1114112K
  class space    used 3484K, committed 3584K, reserved 1048576K
}
Event: 1.784 GC heap before
{Heap before GC invocations=6 (full 0):
 garbage-first heap   total 75776K, used 49871K [0x00000000c0000000, 0x0000000100000000)
  region size 1024K, 27 young (27648K), 1 survivors (1024K)
 Metaspace       used 32008K, committed 32320K, reserved 1114112K
  class space    used 4055K, committed 4224K, reserved 1048576K
}
Event: 1.792 GC heap after
{Heap after GC invocations=7 (full 0):
 garbage-first heap   total 75776K, used 25295K [0x00000000c0000000, 0x0000000100000000)
  region size 1024K, 2 young (2048K), 2 survivors (2048K)
 Metaspace       used 32008K, committed 32320K, reserved 1114112K
  class space    used 4055K, committed 4224K, reserved 1048576K
}
Event: 2.190 GC heap before
{Heap before GC invocations=7 (full 0):
 garbage-first heap   total 75776K, used 51919K [0x00000000c0000000, 0x0000000100000000)
  region size 1024K, 28 young (28672K), 2 survivors (2048K)
 Metaspace       used 35793K, committed 36160K, reserved 1114112K
  class space    used 4412K, committed 4608K, reserved 1048576K
}

Dll operation events (6 events):
Event: 0.006 Loaded shared library c:\Users\Soulaimane\.vscode\extensions\redhat.java-1.34.0-win32-x64\jre\17.0.12-win32-x86_64\bin\java.dll
Event: 0.145 Loaded shared library C:\Users\Soulaimane\.vscode\extensions\redhat.java-1.34.0-win32-x64\jre\17.0.12-win32-x86_64\bin\net.dll
Event: 0.146 Loaded shared library C:\Users\Soulaimane\.vscode\extensions\redhat.java-1.34.0-win32-x64\jre\17.0.12-win32-x86_64\bin\nio.dll
Event: 0.152 Loaded shared library C:\Users\Soulaimane\.vscode\extensions\redhat.java-1.34.0-win32-x64\jre\17.0.12-win32-x86_64\bin\zip.dll
Event: 0.271 Loaded shared library C:\Users\Soulaimane\.vscode\extensions\redhat.java-1.34.0-win32-x64\jre\17.0.12-win32-x86_64\bin\jimage.dll
Event: 0.975 Loaded shared library c:\Users\Soulaimane\.vscode\extensions\redhat.java-1.34.0-win32-x64\jre\17.0.12-win32-x86_64\bin\verify.dll

Deoptimization events (0 events):
No events

Classes loaded (20 events):
Event: 1.841 Loading class java/util/concurrent/CompletionException
Event: 1.841 Loading class java/util/concurrent/CompletionException done
Event: 1.841 Loading class java/util/concurrent/locks/ReentrantReadWriteLock$FairSync
Event: 1.842 Loading class java/util/concurrent/locks/ReentrantReadWriteLock$FairSync done
Event: 1.858 Loading class java/util/regex/Pattern$Caret
Event: 1.858 Loading class java/util/regex/Pattern$Caret done
Event: 1.863 Loading class java/io/FileReader
Event: 1.863 Loading class java/io/FileReader done
Event: 1.912 Loading class java/util/concurrent/Executors$FinalizableDelegatedExecutorService
Event: 1.912 Loading class java/util/concurrent/Executors$FinalizableDelegatedExecutorService done
Event: 1.931 Loading class sun/reflect/generics/repository/FieldRepository
Event: 1.931 Loading class sun/reflect/generics/repository/FieldRepository done
Event: 2.107 Loading class org/w3c/dom/Node
Event: 2.107 Loading class org/w3c/dom/Node done
Event: 2.108 Loading class org/w3c/dom/Document
Event: 2.108 Loading class org/w3c/dom/Document done
Event: 2.110 Loading class java/io/StringWriter
Event: 2.110 Loading class java/io/StringWriter done
Event: 2.186 Loading class java/util/ImmutableCollections$Map1
Event: 2.186 Loading class java/util/ImmutableCollections$Map1 done

Classes unloaded (0 events):
No events

Classes redefined (0 events):
No events

Internal exceptions (20 events):
Event: 1.451 Thread 0x000001d28df24020 Exception <a 'java/lang/NoSuchMethodError'{0x00000000c3d34488}: 'java.lang.Object java.lang.invoke.DirectMethodHandle$Holder.invokeSpecial(java.lang.Object, java.lang.Object, java.lang.Object, java.lang.Object, java.lang.Object, java.lang.Object, java.lang.Object, java.lang.Object, java.lang.Object, java.lang.Object, java.lang.Object, java.lang.Object, java.lang.Object, java.lang.Object)'> (0x00000000c3d34488) 
thrown [s\src\hotspot\share\interpreter\linkResolver.cpp, line 759]
Event: 1.452 Thread 0x000001d28df24020 Exception <a 'java/lang/NoSuchMethodError'{0x00000000c3d39158}: 'java.lang.Object java.lang.invoke.Invokers$Holder.invoker(java.lang.Object, java.lang.Object, java.lang.Object, java.lang.Object, java.lang.Object, java.lang.Object, java.lang.Object, java.lang.Object, java.lang.Object, java.lang.Object, java.lang.Object, java.lang.Object, java.lang.Object, java.lang.Object)'> (0x00000000c3d39158) 
thrown [s\src\hotspot\share\interpreter\linkResolver.cpp, line 759]
Event: 1.452 Thread 0x000001d28df24020 Exception <a 'java/lang/NoSuchMethodError'{0x00000000c3d3edc8}: 'java.lang.Object java.lang.invoke.DirectMethodHandle$Holder.invokeSpecial(java.lang.Object, java.lang.Object, java.lang.Object, java.lang.Object, java.lang.Object, java.lang.Object, java.lang.Object, java.lang.Object, java.lang.Object, java.lang.Object, java.lang.Object, java.lang.Object, java.lang.Object, java.lang.Object, java.lang.Object)'> (0x00000000c3d3edc8) 
thrown [s\src\hotspot\share\interpreter\linkResolver.cpp, line 759]
Event: 1.453 Thread 0x000001d28df24020 Exception <a 'java/lang/NoSuchMethodError'{0x00000000c3d4e980}: 'int java.lang.invoke.DirectMethodHandle$Holder.invokeVirtual(java.lang.Object, java.lang.Object, java.lang.Object)'> (0x00000000c3d4e980) 
thrown [s\src\hotspot\share\interpreter\linkResolver.cpp, line 759]
Event: 1.454 Thread 0x000001d28df24020 Exception <a 'java/lang/NoSuchMethodError'{0x00000000c3d52e20}: 'int java.lang.invoke.DirectMethodHandle$Holder.invokeStaticInit(java.lang.Object, int, int)'> (0x00000000c3d52e20) 
thrown [s\src\hotspot\share\interpreter\linkResolver.cpp, line 759]
Event: 1.454 Thread 0x000001d28df24020 Exception <a 'java/lang/NoSuchMethodError'{0x00000000c3d5a708}: 'int java.lang.invoke.DirectMethodHandle$Holder.invokeStaticInit(java.lang.Object, long, long)'> (0x00000000c3d5a708) 
thrown [s\src\hotspot\share\interpreter\linkResolver.cpp, line 759]
Event: 1.454 Thread 0x000001d28df24020 Exception <a 'java/lang/NoSuchMethodError'{0x00000000c3d61558}: 'int java.lang.invoke.DirectMethodHandle$Holder.invokeStaticInit(java.lang.Object, float, float)'> (0x00000000c3d61558) 
thrown [s\src\hotspot\share\interpreter\linkResolver.cpp, line 759]
Event: 1.454 Thread 0x000001d28df24020 Exception <a 'java/lang/NoSuchMethodError'{0x00000000c3d683b0}: 'int java.lang.invoke.DirectMethodHandle$Holder.invokeStaticInit(java.lang.Object, double, double)'> (0x00000000c3d683b0) 
thrown [s\src\hotspot\share\interpreter\linkResolver.cpp, line 759]
Event: 1.455 Thread 0x000001d28df24020 Exception <a 'java/lang/NoSuchMethodError'{0x00000000c3d6c980}: 'int java.lang.invoke.DirectMethodHandle$Holder.invokeStatic(java.lang.Object, long)'> (0x00000000c3d6c980) 
thrown [s\src\hotspot\share\interpreter\linkResolver.cpp, line 759]
Event: 1.456 Thread 0x000001d28df24020 Exception <a 'java/lang/NoSuchMethodError'{0x00000000c3d914e8}: 'int java.lang.invoke.DirectMethodHandle$Holder.invokeSpecial(java.lang.Object, java.lang.Object, int)'> (0x00000000c3d914e8) 
thrown [s\src\hotspot\share\interpreter\linkResolver.cpp, line 759]
Event: 1.456 Thread 0x000001d28df24020 Exception <a 'java/lang/NoSuchMethodError'{0x00000000c3d98de0}: 'int java.lang.invoke.Invokers$Holder.linkToTargetMethod(java.lang.Object, java.lang.Object)'> (0x00000000c3d98de0) 
thrown [s\src\hotspot\share\interpreter\linkResolver.cpp, line 759]
Event: 1.467 Thread 0x000001d28df24020 Exception <a 'java/lang/NoSuchMethodError'{0x00000000c3c8a148}: 'java.lang.Object java.lang.invoke.DirectMethodHandle$Holder.invokeSpecial(java.lang.Object, java.lang.Object, java.lang.Object, java.lang.Object, java.lang.Object, java.lang.Object, java.lang.Object, java.lang.Object, java.lang.Object, java.lang.Object)'> (0x00000000c3c8a148) 
thrown [s\src\hotspot\share\interpreter\linkResolver.cpp, line 759]
Event: 1.468 Thread 0x000001d28df24020 Exception <a 'java/lang/NoSuchMethodError'{0x00000000c3c8e730}: 'java.lang.Object java.lang.invoke.Invokers$Holder.invoke_MT(java.lang.Object, java.lang.Object, java.lang.Object, java.lang.Object, java.lang.Object, java.lang.Object, java.lang.Object, java.lang.Object, java.lang.Object, java.lang.Object)'> (0x00000000c3c8e730) 
thrown [s\src\hotspot\share\interpreter\linkResolver.cpp, line 759]
Event: 1.470 Thread 0x000001d28df24020 Exception <a 'java/lang/NoSuchMethodError'{0x00000000c3cd68e0}: 'java.lang.Object java.lang.invoke.DirectMethodHandle$Holder.invokeSpecial(java.lang.Object, java.lang.Object, int, java.lang.Object, java.lang.Object)'> (0x00000000c3cd68e0) 
thrown [s\src\hotspot\share\interpreter\linkResolver.cpp, line 759]
Event: 1.470 Thread 0x000001d28df24020 Exception <a 'java/lang/NoSuchMethodError'{0x00000000c3cda588}: 'java.lang.Object java.lang.invoke.DelegatingMethodHandle$Holder.delegate(java.lang.Object, int, java.lang.Object, java.lang.Object)'> (0x00000000c3cda588) 
thrown [s\src\hotspot\share\interpreter\linkResolver.cpp, line 759]
Event: 1.471 Thread 0x000001d28df24020 Exception <a 'java/lang/NoSuchMethodError'{0x00000000c3ceb410}: 'int java.lang.invoke.Invokers$Holder.linkToTargetMethod(java.lang.Object, java.lang.Object, java.lang.Object)'> (0x00000000c3ceb410) 
thrown [s\src\hotspot\share\interpreter\linkResolver.cpp, line 759]
Event: 1.542 Thread 0x000001d28df24020 Exception <a 'java/lang/NoSuchMethodError'{0x00000000c37b6768}: 'java.lang.Object java.lang.invoke.DirectMethodHandle$Holder.invokeStaticInit(java.lang.Object, int, int, int, int)'> (0x00000000c37b6768) 
thrown [s\src\hotspot\share\interpreter\linkResolver.cpp, line 759]
Event: 1.630 Thread 0x000001d28df24020 Exception <a 'java/lang/NoSuchMethodError'{0x00000000c36a0368}: 'java.lang.Object java.lang.invoke.DirectMethodHandle$Holder.invokeStaticInit(java.lang.Object, java.lang.Object, int, int, int, int)'> (0x00000000c36a0368) 
thrown [s\src\hotspot\share\interpreter\linkResolver.cpp, line 759]
Event: 1.814 Thread 0x000001d28df24020 Exception <a 'java/lang/NoSuchMethodError'{0x00000000c553d5e8}: 'void java.lang.invoke.DirectMethodHandle$Holder.invokeSpecialIFC(java.lang.Object, java.lang.Object, java.lang.Object)'> (0x00000000c553d5e8) 
thrown [s\src\hotspot\share\interpreter\linkResolver.cpp, line 759]
Event: 2.169 Thread 0x000001d28df24020 Exception <a 'java/lang/NoSuchMethodError'{0x00000000c316d000}: 'int java.lang.invoke.DirectMethodHandle$Holder.invokeStaticInit(java.lang.Object, java.lang.Object, int, java.lang.Object)'> (0x00000000c316d000) 
thrown [s\src\hotspot\share\interpreter\linkResolver.cpp, line 759]

VM Operations (20 events):
Event: 1.023 Executing VM operation: G1PauseCleanup done
Event: 1.180 Executing VM operation: HandshakeAllThreads
Event: 1.180 Executing VM operation: HandshakeAllThreads done
Event: 1.205 Executing VM operation: HandshakeAllThreads
Event: 1.205 Executing VM operation: HandshakeAllThreads done
Event: 1.285 Executing VM operation: G1CollectForAllocation
Event: 1.291 Executing VM operation: G1CollectForAllocation done
Event: 1.303 Executing VM operation: G1CollectForAllocation
Event: 1.310 Executing VM operation: G1CollectForAllocation done
Event: 1.461 Executing VM operation: HandshakeAllThreads
Event: 1.461 Executing VM operation: HandshakeAllThreads done
Event: 1.528 Executing VM operation: HandshakeAllThreads
Event: 1.528 Executing VM operation: HandshakeAllThreads done
Event: 1.549 Executing VM operation: HandshakeAllThreads
Event: 1.549 Executing VM operation: HandshakeAllThreads done
Event: 1.784 Executing VM operation: G1CollectForAllocation
Event: 1.792 Executing VM operation: G1CollectForAllocation done
Event: 1.913 Executing VM operation: HandshakeAllThreads
Event: 1.913 Executing VM operation: HandshakeAllThreads done
Event: 2.190 Executing VM operation: CollectForMetadataAllocation

Events (18 events):
Event: 0.026 Thread 0x000001d28df24020 Thread added: 0x000001d28df24020
Event: 0.033 Thread 0x000001d298d60d20 Thread added: 0x000001d298d60d20
Event: 0.033 Thread 0x000001d298d66090 Thread added: 0x000001d298d66090
Event: 0.048 Thread 0x000001d298d97a30 Thread added: 0x000001d298d97a30
Event: 0.048 Thread 0x000001d298d9a310 Thread added: 0x000001d298d9a310
Event: 0.048 Thread 0x000001d298d9abe0 Thread added: 0x000001d298d9abe0
Event: 0.048 Thread 0x000001d298d9d4c0 Thread added: 0x000001d298d9d4c0
Event: 0.048 Thread 0x000001d298d9dd90 Thread added: 0x000001d298d9dd90
Event: 0.048 Thread 0x000001d29d00c490 Thread added: 0x000001d29d00c490
Event: 0.126 Thread 0x000001d29d206420 Thread added: 0x000001d29d206420
Event: 0.126 Thread 0x000001d29d208950 Thread added: 0x000001d29d208950
Event: 0.129 Thread 0x000001d29d21bd00 Thread added: 0x000001d29d21bd00
Event: 0.134 Thread 0x000001d29d2232c0 Thread added: 0x000001d29d2232c0
Event: 0.870 Thread 0x000001d29e173460 Thread added: 0x000001d29e173460
Event: 0.913 Thread 0x000001d29e1bd360 Thread added: 0x000001d29e1bd360
Event: 1.163 Thread 0x000001d29e1bd360 Thread exited: 0x000001d29e1bd360
Event: 1.331 Thread 0x000001d29e6af6a0 Thread added: 0x000001d29e6af6a0
Event: 1.332 Thread 0x000001d29e6af6a0 Thread exited: 0x000001d29e6af6a0


Dynamic libraries:
0x00007ff7bfa70000 - 0x00007ff7bfa7e000 	c:\Users\Soulaimane\.vscode\extensions\redhat.java-1.34.0-win32-x64\jre\17.0.12-win32-x86_64\bin\java.exe
0x00007ffbe9830000 - 0x00007ffbe9a47000 	C:\WINDOWS\SYSTEM32\ntdll.dll
0x00007ffbe8960000 - 0x00007ffbe8a24000 	C:\WINDOWS\System32\KERNEL32.DLL
0x00007ffbe6b50000 - 0x00007ffbe6efd000 	C:\WINDOWS\System32\KERNELBASE.dll
0x00007ffbe7190000 - 0x00007ffbe72a1000 	C:\WINDOWS\System32\ucrtbase.dll
0x00007ffbc7d90000 - 0x00007ffbc7da7000 	c:\Users\Soulaimane\.vscode\extensions\redhat.java-1.34.0-win32-x64\jre\17.0.12-win32-x86_64\bin\jli.dll
0x00007ffbccf10000 - 0x00007ffbccf2b000 	c:\Users\Soulaimane\.vscode\extensions\redhat.java-1.34.0-win32-x64\jre\17.0.12-win32-x86_64\bin\VCRUNTIME140.dll
0x00007ffbe9640000 - 0x00007ffbe97ee000 	C:\WINDOWS\System32\USER32.dll
0x00007ffbe6f00000 - 0x00007ffbe6f26000 	C:\WINDOWS\System32\win32u.dll
0x00007ffbbd3b0000 - 0x00007ffbbd643000 	C:\WINDOWS\WinSxS\amd64_microsoft.windows.common-controls_6595b64144ccf1df_6.0.22621.3672_none_2713b9d173822955\COMCTL32.dll
0x00007ffbe9020000 - 0x00007ffbe9049000 	C:\WINDOWS\System32\GDI32.dll
0x00007ffbe8540000 - 0x00007ffbe85e7000 	C:\WINDOWS\System32\msvcrt.dll
0x00007ffbe6fb0000 - 0x00007ffbe70c9000 	C:\WINDOWS\System32\gdi32full.dll
0x00007ffbe72b0000 - 0x00007ffbe734a000 	C:\WINDOWS\System32\msvcp_win.dll
0x00007ffbe86e0000 - 0x00007ffbe8711000 	C:\WINDOWS\System32\IMM32.DLL
0x00007ffbd7980000 - 0x00007ffbd798c000 	c:\Users\Soulaimane\.vscode\extensions\redhat.java-1.34.0-win32-x64\jre\17.0.12-win32-x86_64\bin\vcruntime140_1.dll
0x00007ffbbc450000 - 0x00007ffbbc4dd000 	c:\Users\Soulaimane\.vscode\extensions\redhat.java-1.34.0-win32-x64\jre\17.0.12-win32-x86_64\bin\msvcp140.dll
0x00007ffb82440000 - 0x00007ffb830aa000 	c:\Users\Soulaimane\.vscode\extensions\redhat.java-1.34.0-win32-x64\jre\17.0.12-win32-x86_64\bin\server\jvm.dll
0x00007ffbe8f60000 - 0x00007ffbe9012000 	C:\WINDOWS\System32\ADVAPI32.dll
0x00007ffbe9060000 - 0x00007ffbe9109000 	C:\WINDOWS\System32\sechost.dll
0x00007ffbe73c0000 - 0x00007ffbe73e8000 	C:\WINDOWS\System32\bcrypt.dll
0x00007ffbe9110000 - 0x00007ffbe9224000 	C:\WINDOWS\System32\RPCRT4.dll
0x00007ffbe8020000 - 0x00007ffbe8091000 	C:\WINDOWS\System32\WS2_32.dll
0x00007ffbe63b0000 - 0x00007ffbe63fd000 	C:\WINDOWS\SYSTEM32\POWRPROF.dll
0x00007ffbe1cd0000 - 0x00007ffbe1d04000 	C:\WINDOWS\SYSTEM32\WINMM.dll
0x00007ffbdcc50000 - 0x00007ffbdcc5a000 	C:\WINDOWS\SYSTEM32\VERSION.dll
0x00007ffbe6390000 - 0x00007ffbe63a3000 	C:\WINDOWS\SYSTEM32\UMPDC.dll
0x00007ffbe5b60000 - 0x00007ffbe5b78000 	C:\WINDOWS\SYSTEM32\kernel.appcore.dll
0x00007ffbca550000 - 0x00007ffbca55a000 	c:\Users\Soulaimane\.vscode\extensions\redhat.java-1.34.0-win32-x64\jre\17.0.12-win32-x86_64\bin\jimage.dll
0x00007ffbe4490000 - 0x00007ffbe46c2000 	C:\WINDOWS\SYSTEM32\DBGHELP.DLL
0x00007ffbe81a0000 - 0x00007ffbe852e000 	C:\WINDOWS\System32\combase.dll
0x00007ffbe9390000 - 0x00007ffbe9467000 	C:\WINDOWS\System32\OLEAUT32.dll
0x00007ffbdaac0000 - 0x00007ffbdaaf2000 	C:\WINDOWS\SYSTEM32\dbgcore.DLL
0x00007ffbe6f30000 - 0x00007ffbe6fab000 	C:\WINDOWS\System32\bcryptPrimitives.dll
0x00007ffbc5620000 - 0x00007ffbc5645000 	c:\Users\Soulaimane\.vscode\extensions\redhat.java-1.34.0-win32-x64\jre\17.0.12-win32-x86_64\bin\java.dll
0x00007ffbc2520000 - 0x00007ffbc2538000 	c:\Users\Soulaimane\.vscode\extensions\redhat.java-1.34.0-win32-x64\jre\17.0.12-win32-x86_64\bin\zip.dll
0x00007ffbe7770000 - 0x00007ffbe7fd7000 	C:\WINDOWS\System32\SHELL32.dll
0x00007ffbe4a80000 - 0x00007ffbe537f000 	C:\WINDOWS\SYSTEM32\windows.storage.dll
0x00007ffbe4940000 - 0x00007ffbe4a7f000 	C:\WINDOWS\SYSTEM32\wintypes.dll
0x00007ffbe80a0000 - 0x00007ffbe8199000 	C:\WINDOWS\System32\SHCORE.dll
0x00007ffbe8600000 - 0x00007ffbe865e000 	C:\WINDOWS\System32\shlwapi.dll
0x00007ffbe6a80000 - 0x00007ffbe6aa7000 	C:\WINDOWS\SYSTEM32\profapi.dll
0x00007ffbc20b0000 - 0x00007ffbc20c9000 	C:\Users\Soulaimane\.vscode\extensions\redhat.java-1.34.0-win32-x64\jre\17.0.12-win32-x86_64\bin\net.dll
0x00007ffbe2f00000 - 0x00007ffbe3036000 	C:\WINDOWS\SYSTEM32\WINHTTP.dll
0x00007ffbe5fd0000 - 0x00007ffbe6039000 	C:\WINDOWS\system32\mswsock.dll
0x00007ffbc2090000 - 0x00007ffbc20a6000 	C:\Users\Soulaimane\.vscode\extensions\redhat.java-1.34.0-win32-x64\jre\17.0.12-win32-x86_64\bin\nio.dll
0x00007ffbc66f0000 - 0x00007ffbc6700000 	c:\Users\Soulaimane\.vscode\extensions\redhat.java-1.34.0-win32-x64\jre\17.0.12-win32-x86_64\bin\verify.dll
0x00007ffbe61f0000 - 0x00007ffbe620b000 	C:\WINDOWS\SYSTEM32\CRYPTSP.dll
0x00007ffbe5ac0000 - 0x00007ffbe5af5000 	C:\WINDOWS\system32\rsaenh.dll
0x00007ffbe6090000 - 0x00007ffbe60b8000 	C:\WINDOWS\SYSTEM32\USERENV.dll
0x00007ffbe6210000 - 0x00007ffbe621c000 	C:\WINDOWS\SYSTEM32\CRYPTBASE.dll
0x00007ffbe55d0000 - 0x00007ffbe55fd000 	C:\WINDOWS\SYSTEM32\IPHLPAPI.DLL
0x00007ffbe8530000 - 0x00007ffbe8539000 	C:\WINDOWS\System32\NSI.dll
0x00007ffbe2ba0000 - 0x00007ffbe2bb9000 	C:\WINDOWS\SYSTEM32\dhcpcsvc6.DLL
0x00007ffbe2b80000 - 0x00007ffbe2b9f000 	C:\WINDOWS\SYSTEM32\dhcpcsvc.DLL
0x00007ffbe5600000 - 0x00007ffbe56f8000 	C:\WINDOWS\SYSTEM32\DNSAPI.dll

dbghelp: loaded successfully - version: 4.0.5 - missing functions: none
symbol engine: initialized successfully - sym options: 0x614 - pdb path: .;c:\Users\Soulaimane\.vscode\extensions\redhat.java-1.34.0-win32-x64\jre\17.0.12-win32-x86_64\bin;C:\WINDOWS\SYSTEM32;C:\WINDOWS\WinSxS\amd64_microsoft.windows.common-controls_6595b64144ccf1df_6.0.22621.3672_none_2713b9d173822955;c:\Users\Soulaimane\.vscode\extensions\redhat.java-1.34.0-win32-x64\jre\17.0.12-win32-x86_64\bin\server

VM Arguments:
jvm_args: -Xmx1024m -Dsts.lsp.client=vscode -Dsts.log.file=/dev/null -XX:TieredStopAtLevel=1 -Xlog:jni+resolve=off -Dspring.config.location=file:c:\Users\Soulaimane\.vscode\extensions\vmware.vscode-spring-boot-1.56.0\language-server\BOOT-INF\classes\application.properties 
java_command: org.springframework.ide.vscode.boot.app.BootLanguageServerBootApp
java_class_path (initial): c:\Users\Soulaimane\.vscode\extensions\vmware.vscode-spring-boot-1.56.0\language-server\BOOT-INF\classes;c:\Users\Soulaimane\.vscode\extensions\vmware.vscode-spring-boot-1.56.0\language-server\BOOT-INF\lib\annotations-24.1.0.jar;c:\Users\Soulaimane\.vscode\extensions\vmware.vscode-spring-boot-1.56.0\language-server\BOOT-INF\lib\antlr4-runtime-4.13.1.jar;c:\Users\Soulaimane\.vscode\extensions\vmware.vscode-spring-boot-1.56.0\language-server\BOOT-INF\lib\asm-9.7.jar;c:\Users\Soulaimane\.vscode\extensions\vmware.vscode-spring-boot-1.56.0\language-server\BOOT-INF\lib\asm-analysis-9.7.jar;c:\Users\Soulaimane\.vscode\extensions\vmware.vscode-spring-boot-1.56.0\language-server\BOOT-INF\lib\asm-tree-9.7.jar;c:\Users\Soulaimane\.vscode\extensions\vmware.vscode-spring-boot-1.56.0\language-server\BOOT-INF\lib\asm-util-9.7.jar;c:\Users\Soulaimane\.vscode\extensions\vmware.vscode-spring-boot-1.56.0\language-server\BOOT-INF\lib\caffeine-3.1.8.jar;c:\Users\Soulaimane\.vscode\extensions\vmware.vscode-spring-boot-1.56.0\language-server\BOOT-INF\lib\checker-qual-3.12.0.jar;c:\Users\Soulaimane\.vscode\extensions\vmware.vscode-spring-boot-1.56.0\language-server\BOOT-INF\lib\classgraph-4.8.149.jar;c:\Users\Soulaimane\.vscode\extensions\vmware.vscode-spring-boot-1.56.0\language-server\BOOT-INF\lib\commons-codec-1.16.1.jar;c:\Users\Soulaimane\.vscode\extensions\vmware.vscode-spring-boot-1.56.0\language-server\BOOT-INF\lib\commons-compress-1.26.2.jar;c:\Users\Soulaimane\.vscode\extensions\vmware.vscode-spring-boot-1.56.0\language-server\BOOT-INF\lib\commons-io-2.16.1.jar;c:\Users\Soulaimane\.vscode\extensions\vmware.vscode-spring-boot-1.56.0\language-server\BOOT-INF\lib\commons-java-1.56.0-SNAPSHOT.jar;c:\Users\Soulaimane\.vscode\extensions\vmware.vscode-spring-boot-1.56.0\language-server\BOOT-INF\lib\commons-lang3-3.14.0.jar;c:\Users\Soulaimane\.vscode\extensions\vmware.vscode-spring-boot-1.56.0\language-server\BOOT-INF\lib\commons-language-server-1.56.0-SNAPS
Launcher Type: SUN_STANDARD

[Global flags]
     intx CICompilerCount                          = 4                                         {product} {ergonomic}
     uint ConcGCThreads                            = 2                                         {product} {ergonomic}
     uint G1ConcRefinementThreads                  = 8                                         {product} {ergonomic}
   size_t G1HeapRegionSize                         = 1048576                                   {product} {ergonomic}
    uintx GCDrainStackTargetSize                   = 64                                        {product} {ergonomic}
   size_t InitialHeapSize                          = 130023424                                 {product} {ergonomic}
   size_t MarkStackSize                            = 4194304                                   {product} {ergonomic}
   size_t MaxHeapSize                              = 1073741824                                {product} {command line}
   size_t MaxNewSize                               = 643825664                                 {product} {ergonomic}
   size_t MinHeapDeltaBytes                        = 1048576                                   {product} {ergonomic}
   size_t MinHeapSize                              = 8388608                                   {product} {ergonomic}
    uintx NonProfiledCodeHeapSize                  = 0                                      {pd product} {ergonomic}
     bool ProfileInterpreter                       = false                                  {pd product} {command line}
    uintx ProfiledCodeHeapSize                     = 0                                      {pd product} {ergonomic}
   size_t SoftMaxHeapSize                          = 1073741824                             {manageable} {ergonomic}
     intx TieredStopAtLevel                        = 1                                         {product} {command line}
     bool UseCompressedClassPointers               = true                           {product lp64_product} {ergonomic}
     bool UseCompressedOops                        = true                           {product lp64_product} {ergonomic}
     bool UseG1GC                                  = true                                      {product} {ergonomic}
     bool UseLargePagesIndividualAllocation        = false                                  {pd product} {ergonomic}

Logging:
Log output configuration:
 #0: stdout all=warning,jni+resolve=off uptime,level,tags
 #1: stderr all=off uptime,level,tags

Environment Variables:
PATH=C:\Program Files\Java\jdk-22\bin;C:\Program Files\Common Files\Oracle\Java\javapath;C:\windows\system32;C:\windows;C:\windows\System32\Wbem;C:\windows\System32\WindowsPowerShell\v1.0\;C:\windows\System32\OpenSSH\;C:\Program Files (x86)\NVIDIA Corporation\PhysX\Common;C:\Program Files\NVIDIA Corporation\NVIDIA NvDLISR;C:\WINDOWS\system32;C:\WINDOWS;C:\WINDOWS\System32\Wbem;C:\WINDOWS\System32\WindowsPowerShell\v1.0\;C:\WINDOWS\System32\OpenSSH\;C:\Program Files\Git\cmd;C:\Program Files\HP\HP One Agent;C:\Program Files\Mingw\bin;C:\Program Files\Amazon\AWSCLIV2\;C:\Program Files\nodejs\;C:\Program Files\MySQL\MySQL Server 8.0\bin;C:\Program Files (x86)\apache-maven-3.9.8\bin;C:\Program Files\apache-cassandra-4.0.13\bin;;C:\Program Files\Docker\Docker\resources\bin;C:\Users\Soulaimane\AppData\Local\Programs\Python\Python312\Scripts\;C:\Users\Soulaimane\AppData\Local\Programs\Python\Python312\;C:\Users\Soulaimane\AppData\Local\Microsoft\WindowsApps;C:\Users\Soulaimane\AppData\Local\Programs\Microsoft VS Code\bin;C:\Users\Soulaimane\AppData\Roaming\npm
USERNAME=Soulaimane
OS=Windows_NT
PROCESSOR_IDENTIFIER=Intel64 Family 6 Model 140 Stepping 1, GenuineIntel
TMP=C:\Users\SOULAI~1\AppData\Local\Temp
TEMP=C:\Users\SOULAI~1\AppData\Local\Temp



Periodic native trim disabled


---------------  S Y S T E M  ---------------

OS:
 Windows 11 , 64 bit Build 22621 (10.0.22621.3958)
OS uptime: 4 days 18:47 hours
Hyper-V role detected

CPU: total 8 (initial active 8) (4 cores per cpu, 2 threads per core) family 6 model 140 stepping 1 microcode 0xb6, cx8, cmov, fxsr, ht, mmx, 3dnowpref, sse, sse2, sse3, ssse3, sse4.1, sse4.2, popcnt, lzcnt, tsc, tscinvbit, avx, avx2, aes, erms, clmul, bmi1, bmi2, adx, avx512f, avx512dq, avx512cd, avx512bw, avx512vl, sha, fma, vzeroupper, avx512_vpopcntdq, avx512_vpclmulqdq, avx512_vaes, avx512_vnni, clflush, clflushopt, clwb, avx512_vbmi2, avx512_vbmi, hv
Processor Information for processor 0
  Max Mhz: 2419, Current Mhz: 2419, Mhz Limit: 2419
Processor Information for processor 1
  Max Mhz: 2419, Current Mhz: 2419, Mhz Limit: 2419
Processor Information for processor 2
  Max Mhz: 2419, Current Mhz: 2419, Mhz Limit: 2419
Processor Information for processor 3
  Max Mhz: 2419, Current Mhz: 2419, Mhz Limit: 2419
Processor Information for processor 4
  Max Mhz: 2419, Current Mhz: 2419, Mhz Limit: 2419
Processor Information for processor 5
  Max Mhz: 2419, Current Mhz: 1209, Mhz Limit: 2419
Processor Information for processor 6
  Max Mhz: 2419, Current Mhz: 2419, Mhz Limit: 2419
Processor Information for processor 7
  Max Mhz: 2419, Current Mhz: 2419, Mhz Limit: 2419

Memory: 4k page, system-wide physical 7932M (462M free)
TotalPageFile size 23032M (AvailPageFile size 26M)
current process WorkingSet (physical memory assigned to process): 163M, peak: 163M
current process commit charge ("private bytes"): 216M, peak: 253M

vm_info: OpenJDK 64-Bit Server VM (17.0.12+7) for windows-amd64 JRE (17.0.12+7), built on Jul 16 2024 22:08:24 by "admin" with MS VC++ 16.10 / 16.11 (VS2019)

END.
